---------------------------------------------------------------
[ 2018-12-14T15:16:14+08:00 ] 0.0.0.0 GET /
[ info ] localhost:8086/ [运行时间：0.459000s][吞吐率：2.18req/s] [内存消耗：1,228.31kb] [文件加载：92]
[ info ] [ CACHE ] INIT File
[ info ] [ BEHAVIOR ] Run app\common\behavior\InitHooks->run @app_init [ RunTime:0.133000s ]
[ info ] [ LANG ] D:\newphp\PHPTutorial\WWW\shop1\thinkphp/lang/zh-cn.php
[ info ] [ ROUTE ] array (
)
[ info ] [ HEADER ] array (
  'cookie' => 'LiveWSMAK46357263=1509302702967303651300; NMAK46357263fistvisitetime=1509302703024; NMAK46357263visitecounts=2; NMAK46357263lastvisitetime=1509355649631; NMAK46357263visitepages=27; optimizelyEndUserId=oeu1506607308179r0.1719816488353536; Hm_lvt_91cf34f62b9bedb16460ca36cf192f4c=1518353592; Hm_lvt_6a1e7d4c5a673bd92e286c9b72747bd2=1522238733; Hm_lvt_e7c71ab27c2369ff3e50bcd32a8c4c79=1526610333,1526683426,1526982468; _ga=GA1.1.1059177668.1500448872; uname=15515551555; uid=101156; Huiskin=green; Hm_lvt_f8d0a8c400404989e195270b0bbf060a=1543992903,1544150211,1544343937,1544405788; _aihecong_chat_visibility=false',
  'accept-language' => 'zh-CN,zh;q=0.9',
  'accept-encoding' => 'gzip, deflate, br',
  'accept' => 'text/html,application/xhtml+xml,application/xml;q=0.9,image/webp,image/apng,*/*;q=0.8',
  'user-agent' => 'Mozilla/5.0 (Windows NT 6.1; WOW64) AppleWebKit/537.36 (KHTML, like Gecko) Chrome/63.0.3239.132 Safari/537.36',
  'upgrade-insecure-requests' => '1',
  'connection' => 'close',
  'host' => 'localhost:8086',
)
[ info ] [ PARAM ] array (
)
[ info ] [ LOG ] INIT File
---------------------------------------------------------------
[ 2018-12-14T15:16:32+08:00 ] 0.0.0.0 GET /manage
[ info ] localhost:8086/manage [运行时间：0.166000s][吞吐率：6.02req/s] [内存消耗：1,285.20kb] [文件加载：99]
[ info ] [ CACHE ] INIT File
[ info ] [ BEHAVIOR ] Run app\common\behavior\InitHooks->run @app_init [ RunTime:0.013000s ]
[ info ] [ LANG ] D:\newphp\PHPTutorial\WWW\shop1\thinkphp/lang/zh-cn.php
[ info ] [ ROUTE ] array (
)
[ info ] [ HEADER ] array (
  'cookie' => 'LiveWSMAK46357263=1509302702967303651300; NMAK46357263fistvisitetime=1509302703024; NMAK46357263visitecounts=2; NMAK46357263lastvisitetime=1509355649631; NMAK46357263visitepages=27; optimizelyEndUserId=oeu1506607308179r0.1719816488353536; Hm_lvt_91cf34f62b9bedb16460ca36cf192f4c=1518353592; Hm_lvt_6a1e7d4c5a673bd92e286c9b72747bd2=1522238733; Hm_lvt_e7c71ab27c2369ff3e50bcd32a8c4c79=1526610333,1526683426,1526982468; _ga=GA1.1.1059177668.1500448872; uname=15515551555; uid=101156; Huiskin=green; Hm_lvt_f8d0a8c400404989e195270b0bbf060a=1543992903,1544150211,1544343937,1544405788; _aihecong_chat_visibility=false',
  'accept-language' => 'zh-CN,zh;q=0.9',
  'accept-encoding' => 'gzip, deflate, br',
  'accept' => 'text/html,application/xhtml+xml,application/xml;q=0.9,image/webp,image/apng,*/*;q=0.8',
  'user-agent' => 'Mozilla/5.0 (Windows NT 6.1; WOW64) AppleWebKit/537.36 (KHTML, like Gecko) Chrome/63.0.3239.132 Safari/537.36',
  'upgrade-insecure-requests' => '1',
  'connection' => 'close',
  'host' => 'localhost:8086',
)
[ info ] [ PARAM ] array (
)
[ info ] [ SESSION ] INIT array (
  'id' => '',
  'var_session_id' => '',
  'prefix' => 'manage',
  'type' => '',
  'auto_start' => true,
  'httponly' => true,
  'secure' => false,
)
[ info ] [ LOG ] INIT File
---------------------------------------------------------------
[ 2018-12-14T15:16:32+08:00 ] 0.0.0.0 GET /manage/common/login.html
[ info ] localhost:8086/manage/common/login.html [运行时间：0.113000s][吞吐率：8.85req/s] [内存消耗：1,389.85kb] [文件加载：101]
[ info ] [ CACHE ] INIT File
[ info ] [ BEHAVIOR ] Run app\common\behavior\InitHooks->run @app_init [ RunTime:0.012000s ]
[ info ] [ LANG ] D:\newphp\PHPTutorial\WWW\shop1\thinkphp/lang/zh-cn.php
[ info ] [ ROUTE ] array (
)
[ info ] [ HEADER ] array (
  'cookie' => 'LiveWSMAK46357263=1509302702967303651300; NMAK46357263fistvisitetime=1509302703024; NMAK46357263visitecounts=2; NMAK46357263lastvisitetime=1509355649631; NMAK46357263visitepages=27; optimizelyEndUserId=oeu1506607308179r0.1719816488353536; Hm_lvt_91cf34f62b9bedb16460ca36cf192f4c=1518353592; Hm_lvt_6a1e7d4c5a673bd92e286c9b72747bd2=1522238733; Hm_lvt_e7c71ab27c2369ff3e50bcd32a8c4c79=1526610333,1526683426,1526982468; _ga=GA1.1.1059177668.1500448872; uname=15515551555; uid=101156; Huiskin=green; Hm_lvt_f8d0a8c400404989e195270b0bbf060a=1543992903,1544150211,1544343937,1544405788; _aihecong_chat_visibility=false; PHPSESSID=1equl4fum6bn88n2nn20p4b4j3; redirect_url=%2Fmanage',
  'accept-language' => 'zh-CN,zh;q=0.9',
  'accept-encoding' => 'gzip, deflate, br',
  'accept' => 'text/html,application/xhtml+xml,application/xml;q=0.9,image/webp,image/apng,*/*;q=0.8',
  'user-agent' => 'Mozilla/5.0 (Windows NT 6.1; WOW64) AppleWebKit/537.36 (KHTML, like Gecko) Chrome/63.0.3239.132 Safari/537.36',
  'upgrade-insecure-requests' => '1',
  'connection' => 'close',
  'host' => 'localhost:8086',
)
[ info ] [ PARAM ] array (
)
[ info ] [ SESSION ] INIT array (
  'id' => '',
  'var_session_id' => '',
  'prefix' => 'manage',
  'type' => '',
  'auto_start' => true,
  'httponly' => true,
  'secure' => false,
)
[ info ] [ BEHAVIOR ] Run app\manage\behavior\Record->run @action_begin [ RunTime:0.004000s ]
[ info ] [ VIEW ] D:\newphp\PHPTutorial\WWW\shop1\application/manage/view\common\login.html [ array (
  0 => 'params',
) ]
[ info ] [ LOG ] INIT File
---------------------------------------------------------------
[ 2018-12-14T15:16:36+08:00 ] 0.0.0.0 POST /manage/common/login.html
[ info ] localhost:8086/manage/common/login.html [运行时间：1.187000s][吞吐率：0.84req/s] [内存消耗：2,032.66kb] [文件加载：105]
[ info ] [ CACHE ] INIT File
[ info ] [ BEHAVIOR ] Run app\common\behavior\InitHooks->run @app_init [ RunTime:0.013000s ]
[ info ] [ LANG ] D:\newphp\PHPTutorial\WWW\shop1\thinkphp/lang/zh-cn.php
[ info ] [ ROUTE ] array (
)
[ info ] [ HEADER ] array (
  'cookie' => 'LiveWSMAK46357263=1509302702967303651300; NMAK46357263fistvisitetime=1509302703024; NMAK46357263visitecounts=2; NMAK46357263lastvisitetime=1509355649631; NMAK46357263visitepages=27; optimizelyEndUserId=oeu1506607308179r0.1719816488353536; Hm_lvt_91cf34f62b9bedb16460ca36cf192f4c=1518353592; Hm_lvt_6a1e7d4c5a673bd92e286c9b72747bd2=1522238733; Hm_lvt_e7c71ab27c2369ff3e50bcd32a8c4c79=1526610333,1526683426,1526982468; _ga=GA1.1.1059177668.1500448872; uname=15515551555; uid=101156; Huiskin=green; Hm_lvt_f8d0a8c400404989e195270b0bbf060a=1543992903,1544150211,1544343937,1544405788; _aihecong_chat_visibility=false; PHPSESSID=1equl4fum6bn88n2nn20p4b4j3; redirect_url=%2Fmanage',
  'accept-language' => 'zh-CN,zh;q=0.9',
  'accept-encoding' => 'gzip, deflate, br',
  'referer' => 'http://localhost:8086/manage/common/login.html',
  'content-type' => 'application/x-www-form-urlencoded; charset=UTF-8',
  'user-agent' => 'Mozilla/5.0 (Windows NT 6.1; WOW64) AppleWebKit/537.36 (KHTML, like Gecko) Chrome/63.0.3239.132 Safari/537.36',
  'x-requested-with' => 'XMLHttpRequest',
  'origin' => 'http://localhost:8086',
  'accept' => '*/*',
  'content-length' => '28',
  'connection' => 'close',
  'host' => 'localhost:8086',
)
[ info ] [ PARAM ] array (
  'mobile' => 'admin',
  'password' => '111111',
)
[ info ] [ SESSION ] INIT array (
  'id' => '',
  'var_session_id' => '',
  'prefix' => 'manage',
  'type' => '',
  'auto_start' => true,
  'httponly' => true,
  'secure' => false,
)
[ info ] [ DB ] INIT mysql
[ info ] {"status":false,"data":11088,"msg":"\u6ca1\u6709\u627e\u5230\u63a7\u5236\u5668\uff0c\u8bf7\u8054\u7cfb\u5e73\u53f0\u7ba1\u7406\u5458"}
[ info ] [ BEHAVIOR ] Run app\manage\behavior\Record->run @action_begin [ RunTime:1.082000s ]
[ info ] [ LOG ] INIT File
[ sql ] [ DB ] CONNECT:[ UseTime:1.004000s ] mysql:host=localhost;port=3306;dbname=jshop;charset=utf8
[ sql ] [ SQL ] SHOW COLUMNS FROM `jshop_operation` [ RunTime:0.053000s ]
[ sql ] [ SQL ] SELECT * FROM `jshop_operation` WHERE  `type` = 'c'  AND `code` = 'common'  AND `parent_id` = 2 LIMIT 1 [ RunTime:0.001000s ]
[ sql ] [ SQL ] SHOW COLUMNS FROM `jshop_manage` [ RunTime:0.060000s ]
[ sql ] [ SQL ] SELECT * FROM `jshop_manage` WHERE  `username` = 'admin' OR `mobile` = 'admin' LIMIT 1 [ RunTime:0.001000s ]
[ sql ] [ SQL ] SELECT * FROM `jshop_manage` WHERE  ( `username` = 'admin' OR `mobile` = 'admin' )  AND `password` = '4b781c2617a5e03bfd861c790b96d1ce' LIMIT 1 [ RunTime:0.000000s ]
---------------------------------------------------------------
[ 2018-12-14T15:16:44+08:00 ] 0.0.0.0 POST /manage/common/login.html
[ info ] localhost:8086/manage/common/login.html [运行时间：1.345000s][吞吐率：0.74req/s] [内存消耗：2,103.98kb] [文件加载：108]
[ info ] [ CACHE ] INIT File
[ info ] [ BEHAVIOR ] Run app\common\behavior\InitHooks->run @app_init [ RunTime:0.013000s ]
[ info ] [ LANG ] D:\newphp\PHPTutorial\WWW\shop1\thinkphp/lang/zh-cn.php
[ info ] [ ROUTE ] array (
)
[ info ] [ HEADER ] array (
  'cookie' => 'LiveWSMAK46357263=1509302702967303651300; NMAK46357263fistvisitetime=1509302703024; NMAK46357263visitecounts=2; NMAK46357263lastvisitetime=1509355649631; NMAK46357263visitepages=27; optimizelyEndUserId=oeu1506607308179r0.1719816488353536; Hm_lvt_91cf34f62b9bedb16460ca36cf192f4c=1518353592; Hm_lvt_6a1e7d4c5a673bd92e286c9b72747bd2=1522238733; Hm_lvt_e7c71ab27c2369ff3e50bcd32a8c4c79=1526610333,1526683426,1526982468; _ga=GA1.1.1059177668.1500448872; uname=15515551555; uid=101156; Huiskin=green; Hm_lvt_f8d0a8c400404989e195270b0bbf060a=1543992903,1544150211,1544343937,1544405788; _aihecong_chat_visibility=false; PHPSESSID=1equl4fum6bn88n2nn20p4b4j3; redirect_url=%2Fmanage',
  'accept-language' => 'zh-CN,zh;q=0.9',
  'accept-encoding' => 'gzip, deflate, br',
  'referer' => 'http://localhost:8086/manage/common/login.html',
  'content-type' => 'application/x-www-form-urlencoded; charset=UTF-8',
  'user-agent' => 'Mozilla/5.0 (Windows NT 6.1; WOW64) AppleWebKit/537.36 (KHTML, like Gecko) Chrome/63.0.3239.132 Safari/537.36',
  'x-requested-with' => 'XMLHttpRequest',
  'origin' => 'http://localhost:8086',
  'accept' => '*/*',
  'content-length' => '28',
  'connection' => 'close',
  'host' => 'localhost:8086',
)
[ info ] [ PARAM ] array (
  'mobile' => 'admin',
  'password' => '123456',
)
[ info ] [ SESSION ] INIT array (
  'id' => '',
  'var_session_id' => '',
  'prefix' => 'manage',
  'type' => '',
  'auto_start' => true,
  'httponly' => true,
  'secure' => false,
)
[ info ] [ DB ] INIT mysql
[ info ] {"status":false,"data":11088,"msg":"\u6ca1\u6709\u627e\u5230\u63a7\u5236\u5668\uff0c\u8bf7\u8054\u7cfb\u5e73\u53f0\u7ba1\u7406\u5458"}
[ info ] [ BEHAVIOR ] Run app\manage\behavior\Record->run @action_begin [ RunTime:1.064000s ]
[ info ] [ LOG ] INIT File
[ sql ] [ DB ] CONNECT:[ UseTime:1.008000s ] mysql:host=localhost;port=3306;dbname=jshop;charset=utf8
[ sql ] [ SQL ] SHOW COLUMNS FROM `jshop_operation` [ RunTime:0.040000s ]
[ sql ] [ SQL ] SELECT * FROM `jshop_operation` WHERE  `type` = 'c'  AND `code` = 'common'  AND `parent_id` = 2 LIMIT 1 [ RunTime:0.001000s ]
[ sql ] [ SQL ] SHOW COLUMNS FROM `jshop_manage` [ RunTime:0.027000s ]
[ sql ] [ SQL ] SELECT * FROM `jshop_manage` WHERE  `username` = 'admin' OR `mobile` = 'admin' LIMIT 1 [ RunTime:0.001000s ]
[ sql ] [ SQL ] SELECT * FROM `jshop_manage` WHERE  ( `username` = 'admin' OR `mobile` = 'admin' )  AND `password` = '15cbf805b6f1ab28576fd6ee60b763f7' LIMIT 1 [ RunTime:0.001000s ]
[ sql ] [ SQL ] SHOW COLUMNS FROM `jshop_user_log` [ RunTime:0.042000s ]
[ sql ] [ SQL ] INSERT INTO `jshop_user_log` (`user_id` , `state` , `ctime` , `params` , `ip`) VALUES (13 , 1 , 1544771804 , '[]' , '0.0.0.0') [ RunTime:0.143000s ]
---------------------------------------------------------------
[ 2018-12-14T15:16:47+08:00 ] 0.0.0.0 GET /manage
[ info ] localhost:8086/manage [运行时间：1.777000s][吞吐率：0.56req/s] [内存消耗：3,213.38kb] [文件加载：120]
[ info ] [ CACHE ] INIT File
[ info ] [ BEHAVIOR ] Run app\common\behavior\InitHooks->run @app_init [ RunTime:0.012000s ]
[ info ] [ LANG ] D:\newphp\PHPTutorial\WWW\shop1\thinkphp/lang/zh-cn.php
[ info ] [ ROUTE ] array (
)
[ info ] [ HEADER ] array (
  'cookie' => 'LiveWSMAK46357263=1509302702967303651300; NMAK46357263fistvisitetime=1509302703024; NMAK46357263visitecounts=2; NMAK46357263lastvisitetime=1509355649631; NMAK46357263visitepages=27; optimizelyEndUserId=oeu1506607308179r0.1719816488353536; Hm_lvt_91cf34f62b9bedb16460ca36cf192f4c=1518353592; Hm_lvt_6a1e7d4c5a673bd92e286c9b72747bd2=1522238733; Hm_lvt_e7c71ab27c2369ff3e50bcd32a8c4c79=1526610333,1526683426,1526982468; _ga=GA1.1.1059177668.1500448872; uname=15515551555; uid=101156; Huiskin=green; Hm_lvt_f8d0a8c400404989e195270b0bbf060a=1543992903,1544150211,1544343937,1544405788; _aihecong_chat_visibility=false; PHPSESSID=1equl4fum6bn88n2nn20p4b4j3',
  'accept-language' => 'zh-CN,zh;q=0.9',
  'accept-encoding' => 'gzip, deflate, br',
  'referer' => 'http://localhost:8086/manage/common/login.html',
  'accept' => 'text/html,application/xhtml+xml,application/xml;q=0.9,image/webp,image/apng,*/*;q=0.8',
  'user-agent' => 'Mozilla/5.0 (Windows NT 6.1; WOW64) AppleWebKit/537.36 (KHTML, like Gecko) Chrome/63.0.3239.132 Safari/537.36',
  'upgrade-insecure-requests' => '1',
  'connection' => 'close',
  'host' => 'localhost:8086',
)
[ info ] [ PARAM ] array (
)
[ info ] [ SESSION ] INIT array (
  'id' => '',
  'var_session_id' => '',
  'prefix' => 'manage',
  'type' => '',
  'auto_start' => true,
  'httponly' => true,
  'secure' => false,
)
[ info ] [ DB ] INIT mysql
[ info ] [ BEHAVIOR ] Run app\manage\behavior\Record->run @action_begin [ RunTime:0.002000s ]
[ info ] [ VIEW ] D:\newphp\PHPTutorial\WWW\shop1\application/manage/view\index\index.html [ array (
  0 => 'params',
  1 => 'nav',
  2 => 'menu',
  3 => 'jshopHost',
  4 => 'unpaid_count',
  5 => 'unship_count',
  6 => 'after_sales_count',
  7 => 'goods_statics',
  8 => 'closeauthor',
  9 => 'is_author',
) ]
[ info ] [ LOG ] INIT File
[ sql ] [ DB ] CONNECT:[ UseTime:1.008000s ] mysql:host=localhost;port=3306;dbname=jshop;charset=utf8
[ sql ] [ SQL ] SHOW COLUMNS FROM `jshop_operation` [ RunTime:0.046000s ]
[ sql ] [ SQL ] SELECT * FROM `jshop_operation` WHERE  `code` = 'Index'  AND `type` = 'c'  AND `parent_id` = 2 LIMIT 1 [ RunTime:0.001000s ]
[ sql ] [ SQL ] SELECT * FROM `jshop_operation` WHERE  `code` = 'Index'  AND `type` = 'c'  AND `parent_id` = 2 LIMIT 1 [ RunTime:0.001000s ]
[ sql ] [ SQL ] SELECT * FROM `jshop_operation` WHERE  `perm_type` = 1 ORDER BY sort asc [ RunTime:0.003000s ]
[ sql ] [ SQL ] SHOW COLUMNS FROM `jshop_order` [ RunTime:0.062000s ]
[ sql ] [ SQL ] SELECT COUNT(*) AS tp_count FROM `jshop_order` WHERE (  `status` = 1  AND `pay_status` = 1  AND `ship_status` = 1 ) AND `jshop_order`.`isdel` IS NULL LIMIT 1 [ RunTime:0.001000s ]
[ sql ] [ SQL ] SELECT COUNT(*) AS tp_count FROM `jshop_order` WHERE (  `status` = 1  AND `pay_status` = 2  AND `ship_status` = 1 ) AND `jshop_order`.`isdel` IS NULL LIMIT 1 [ RunTime:0.001000s ]
[ sql ] [ SQL ] SHOW COLUMNS FROM `jshop_bill_aftersales` [ RunTime:0.071000s ]
[ sql ] [ SQL ] SELECT COUNT(*) AS tp_count FROM `jshop_bill_aftersales` WHERE  `status` = 1 LIMIT 1 [ RunTime:0.001000s ]
[ sql ] [ SQL ] SHOW COLUMNS FROM `jshop_goods` [ RunTime:0.038000s ]
[ sql ] [ SQL ] SELECT COUNT(id) AS tp_count FROM `jshop_goods` WHERE `jshop_goods`.`isdel` IS NULL LIMIT 1 [ RunTime:0.000000s ]
[ sql ] [ SQL ] SELECT COUNT(id) AS tp_count FROM `jshop_goods` WHERE (  `marketable` = 1 ) AND `jshop_goods`.`isdel` IS NULL LIMIT 1 [ RunTime:0.000000s ]
[ sql ] [ SQL ] SELECT COUNT(id) AS tp_count FROM `jshop_goods` WHERE (  `marketable` = 2 ) AND `jshop_goods`.`isdel` IS NULL LIMIT 1 [ RunTime:0.000000s ]
[ sql ] [ SQL ] SHOW COLUMNS FROM `jshop_setting` [ RunTime:0.054000s ]
[ sql ] [ SQL ] SELECT * FROM `jshop_setting` WHERE  `skey` = 'goods_stocks_warn' LIMIT 1 [ RunTime:0.002000s ]
[ sql ] [ SQL ] SELECT COUNT(id) AS tp_count FROM `jshop_goods` WHERE (  `stock` <= 10 ) AND `jshop_goods`.`isdel` IS NULL LIMIT 1 [ RunTime:0.001000s ]
[ sql ] [ SQL ] SHOW COLUMNS FROM `jshop_weixin_author` [ RunTime:0.046000s ]
[ sql ] [ SQL ] SELECT `bind_type`,`id`,`head_img` FROM `jshop_weixin_author` WHERE  `author_type` = 'b2c' LIMIT 1 [ RunTime:0.000000s ]
[ sql ] [ SQL ] SELECT * FROM `jshop_operation` WHERE  `id` = 239 LIMIT 1 [ RunTime:0.000000s ]
[ sql ] [ SQL ] SELECT * FROM `jshop_operation` WHERE  `id` = 238 LIMIT 1 [ RunTime:0.000000s ]
[ sql ] [ SQL ] SELECT * FROM `jshop_operation` WHERE  `id` = 2 LIMIT 1 [ RunTime:0.000000s ]
[ sql ] [ SQL ] SELECT * FROM `jshop_operation` WHERE  `id` = 417 LIMIT 1 [ RunTime:0.000000s ]
[ sql ] [ SQL ] SELECT * FROM `jshop_operation` WHERE  `id` = 416 LIMIT 1 [ RunTime:0.001000s ]
[ sql ] [ SQL ] SELECT * FROM `jshop_operation` WHERE  `id` = 2 LIMIT 1 [ RunTime:0.000000s ]
[ sql ] [ SQL ] SELECT * FROM `jshop_operation` WHERE  `id` = 411 LIMIT 1 [ RunTime:0.000000s ]
[ sql ] [ SQL ] SELECT * FROM `jshop_operation` WHERE  `id` = 410 LIMIT 1 [ RunTime:0.000000s ]
[ sql ] [ SQL ] SELECT * FROM `jshop_operation` WHERE  `id` = 2 LIMIT 1 [ RunTime:0.000000s ]
[ sql ] [ SQL ] SELECT * FROM `jshop_operation` WHERE  `id` = 442 LIMIT 1 [ RunTime:0.001000s ]
[ sql ] [ SQL ] SELECT * FROM `jshop_operation` WHERE  `id` = 441 LIMIT 1 [ RunTime:0.000000s ]
[ sql ] [ SQL ] SELECT * FROM `jshop_operation` WHERE  `id` = 2 LIMIT 1 [ RunTime:0.001000s ]
[ sql ] [ SQL ] SELECT * FROM `jshop_operation` WHERE  `id` = 306 LIMIT 1 [ RunTime:0.000000s ]
[ sql ] [ SQL ] SELECT * FROM `jshop_operation` WHERE  `id` = 305 LIMIT 1 [ RunTime:0.001000s ]
[ sql ] [ SQL ] SELECT * FROM `jshop_operation` WHERE  `id` = 2 LIMIT 1 [ RunTime:0.000000s ]
[ sql ] [ SQL ] SELECT * FROM `jshop_operation` WHERE  `id` = 292 LIMIT 1 [ RunTime:0.000000s ]
[ sql ] [ SQL ] SELECT * FROM `jshop_operation` WHERE  `id` = 291 LIMIT 1 [ RunTime:0.000000s ]
[ sql ] [ SQL ] SELECT * FROM `jshop_operation` WHERE  `id` = 2 LIMIT 1 [ RunTime:0.000000s ]
[ sql ] [ SQL ] SELECT * FROM `jshop_operation` WHERE  `id` = 287 LIMIT 1 [ RunTime:0.001000s ]
[ sql ] [ SQL ] SELECT * FROM `jshop_operation` WHERE  `id` = 286 LIMIT 1 [ RunTime:0.000000s ]
[ sql ] [ SQL ] SELECT * FROM `jshop_operation` WHERE  `id` = 2 LIMIT 1 [ RunTime:0.001000s ]
[ sql ] [ SQL ] SELECT * FROM `jshop_operation` WHERE  `id` = 324 LIMIT 1 [ RunTime:0.000000s ]
[ sql ] [ SQL ] SELECT * FROM `jshop_operation` WHERE  `id` = 323 LIMIT 1 [ RunTime:0.001000s ]
[ sql ] [ SQL ] SELECT * FROM `jshop_operation` WHERE  `id` = 2 LIMIT 1 [ RunTime:0.000000s ]
[ sql ] [ SQL ] SELECT * FROM `jshop_operation` WHERE  `id` = 331 LIMIT 1 [ RunTime:0.001000s ]
[ sql ] [ SQL ] SELECT * FROM `jshop_operation` WHERE  `id` = 330 LIMIT 1 [ RunTime:0.000000s ]
[ sql ] [ SQL ] SELECT * FROM `jshop_operation` WHERE  `id` = 2 LIMIT 1 [ RunTime:0.000000s ]
[ sql ] [ SQL ] SELECT * FROM `jshop_operation` WHERE  `id` = 422 LIMIT 1 [ RunTime:0.001000s ]
[ sql ] [ SQL ] SELECT * FROM `jshop_operation` WHERE  `id` = 421 LIMIT 1 [ RunTime:0.000000s ]
[ sql ] [ SQL ] SELECT * FROM `jshop_operation` WHERE  `id` = 2 LIMIT 1 [ RunTime:0.000000s ]
[ sql ] [ SQL ] SELECT * FROM `jshop_operation` WHERE  `id` = 240 LIMIT 1 [ RunTime:0.000000s ]
[ sql ] [ SQL ] SELECT * FROM `jshop_operation` WHERE  `id` = 238 LIMIT 1 [ RunTime:0.000000s ]
[ sql ] [ SQL ] SELECT * FROM `jshop_operation` WHERE  `id` = 2 LIMIT 1 [ RunTime:0.000000s ]
[ sql ] [ SQL ] SELECT * FROM `jshop_operation` WHERE  `id` = 297 LIMIT 1 [ RunTime:0.000000s ]
[ sql ] [ SQL ] SELECT * FROM `jshop_operation` WHERE  `id` = 296 LIMIT 1 [ RunTime:0.001000s ]
[ sql ] [ SQL ] SELECT * FROM `jshop_operation` WHERE  `id` = 2 LIMIT 1 [ RunTime:0.000000s ]
[ sql ] [ SQL ] SELECT * FROM `jshop_operation` WHERE  `id` = 405 LIMIT 1 [ RunTime:0.001000s ]
[ sql ] [ SQL ] SELECT * FROM `jshop_operation` WHERE  `id` = 404 LIMIT 1 [ RunTime:0.000000s ]
[ sql ] [ SQL ] SELECT * FROM `jshop_operation` WHERE  `id` = 2 LIMIT 1 [ RunTime:0.001000s ]
[ sql ] [ SQL ] SELECT * FROM `jshop_operation` WHERE  `id` = 488 LIMIT 1 [ RunTime:0.000000s ]
[ sql ] [ SQL ] SELECT * FROM `jshop_operation` WHERE  `id` = 487 LIMIT 1 [ RunTime:0.000000s ]
[ sql ] [ SQL ] SELECT * FROM `jshop_operation` WHERE  `id` = 2 LIMIT 1 [ RunTime:0.000000s ]
[ sql ] [ SQL ] SELECT * FROM `jshop_operation` WHERE  `id` = 344 LIMIT 1 [ RunTime:0.000000s ]
[ sql ] [ SQL ] SELECT * FROM `jshop_operation` WHERE  `id` = 343 LIMIT 1 [ RunTime:0.000000s ]
[ sql ] [ SQL ] SELECT * FROM `jshop_operation` WHERE  `id` = 2 LIMIT 1 [ RunTime:0.000000s ]
[ sql ] [ SQL ] SELECT * FROM `jshop_operation` WHERE  `id` = 348 LIMIT 1 [ RunTime:0.000000s ]
[ sql ] [ SQL ] SELECT * FROM `jshop_operation` WHERE  `id` = 347 LIMIT 1 [ RunTime:0.000000s ]
[ sql ] [ SQL ] SELECT * FROM `jshop_operation` WHERE  `id` = 2 LIMIT 1 [ RunTime:0.000000s ]
[ sql ] [ SQL ] SELECT * FROM `jshop_operation` WHERE  `id` = 278 LIMIT 1 [ RunTime:0.000000s ]
[ sql ] [ SQL ] SELECT * FROM `jshop_operation` WHERE  `id` = 277 LIMIT 1 [ RunTime:0.001000s ]
[ sql ] [ SQL ] SELECT * FROM `jshop_operation` WHERE  `id` = 2 LIMIT 1 [ RunTime:0.000000s ]
[ sql ] [ SQL ] SELECT * FROM `jshop_operation` WHERE  `id` = 253 LIMIT 1 [ RunTime:0.001000s ]
[ sql ] [ SQL ] SELECT * FROM `jshop_operation` WHERE  `id` = 252 LIMIT 1 [ RunTime:0.000000s ]
[ sql ] [ SQL ] SELECT * FROM `jshop_operation` WHERE  `id` = 2 LIMIT 1 [ RunTime:0.001000s ]
[ sql ] [ SQL ] SELECT * FROM `jshop_operation` WHERE  `id` = 259 LIMIT 1 [ RunTime:0.000000s ]
[ sql ] [ SQL ] SELECT * FROM `jshop_operation` WHERE  `id` = 258 LIMIT 1 [ RunTime:0.000000s ]
[ sql ] [ SQL ] SELECT * FROM `jshop_operation` WHERE  `id` = 2 LIMIT 1 [ RunTime:0.001000s ]
[ sql ] [ SQL ] SELECT * FROM `jshop_operation` WHERE  `id` = 267 LIMIT 1 [ RunTime:0.000000s ]
[ sql ] [ SQL ] SELECT * FROM `jshop_operation` WHERE  `id` = 266 LIMIT 1 [ RunTime:0.000000s ]
[ sql ] [ SQL ] SELECT * FROM `jshop_operation` WHERE  `id` = 2 LIMIT 1 [ RunTime:0.001000s ]
[ sql ] [ SQL ] SELECT * FROM `jshop_operation` WHERE  `id` = 272 LIMIT 1 [ RunTime:0.000000s ]
[ sql ] [ SQL ] SELECT * FROM `jshop_operation` WHERE  `id` = 271 LIMIT 1 [ RunTime:0.001000s ]
[ sql ] [ SQL ] SELECT * FROM `jshop_operation` WHERE  `id` = 2 LIMIT 1 [ RunTime:0.000000s ]
[ sql ] [ SQL ] SELECT * FROM `jshop_operation` WHERE  `id` = 491 LIMIT 1 [ RunTime:0.001000s ]
[ sql ] [ SQL ] SELECT * FROM `jshop_operation` WHERE  `id` = 356 LIMIT 1 [ RunTime:0.000000s ]
[ sql ] [ SQL ] SELECT * FROM `jshop_operation` WHERE  `id` = 2 LIMIT 1 [ RunTime:0.001000s ]
[ sql ] [ SQL ] SELECT * FROM `jshop_operation` WHERE  `id` = 361 LIMIT 1 [ RunTime:0.000000s ]
[ sql ] [ SQL ] SELECT * FROM `jshop_operation` WHERE  `id` = 356 LIMIT 1 [ RunTime:0.000000s ]
[ sql ] [ SQL ] SELECT * FROM `jshop_operation` WHERE  `id` = 2 LIMIT 1 [ RunTime:0.000000s ]
[ sql ] [ SQL ] SELECT * FROM `jshop_operation` WHERE  `id` = 357 LIMIT 1 [ RunTime:0.000000s ]
[ sql ] [ SQL ] SELECT * FROM `jshop_operation` WHERE  `id` = 356 LIMIT 1 [ RunTime:0.000000s ]
[ sql ] [ SQL ] SELECT * FROM `jshop_operation` WHERE  `id` = 2 LIMIT 1 [ RunTime:0.000000s ]
[ sql ] [ SQL ] SELECT * FROM `jshop_operation` WHERE  `id` = 400 LIMIT 1 [ RunTime:0.001000s ]
[ sql ] [ SQL ] SELECT * FROM `jshop_operation` WHERE  `id` = 399 LIMIT 1 [ RunTime:0.000000s ]
[ sql ] [ SQL ] SELECT * FROM `jshop_operation` WHERE  `id` = 2 LIMIT 1 [ RunTime:0.000000s ]
[ sql ] [ SQL ] SELECT * FROM `jshop_operation` WHERE  `id` = 460 LIMIT 1 [ RunTime:0.000000s ]
[ sql ] [ SQL ] SELECT * FROM `jshop_operation` WHERE  `id` = 431 LIMIT 1 [ RunTime:0.001000s ]
[ sql ] [ SQL ] SELECT * FROM `jshop_operation` WHERE  `id` = 2 LIMIT 1 [ RunTime:0.000000s ]
[ sql ] [ SQL ] SELECT * FROM `jshop_operation` WHERE  `id` = 247 LIMIT 1 [ RunTime:0.001000s ]
[ sql ] [ SQL ] SELECT * FROM `jshop_operation` WHERE  `id` = 246 LIMIT 1 [ RunTime:0.000000s ]
[ sql ] [ SQL ] SELECT * FROM `jshop_operation` WHERE  `id` = 2 LIMIT 1 [ RunTime:0.001000s ]
[ sql ] [ SQL ] SELECT * FROM `jshop_operation` WHERE  `id` = 352 LIMIT 1 [ RunTime:0.000000s ]
[ sql ] [ SQL ] SELECT * FROM `jshop_operation` WHERE  `id` = 351 LIMIT 1 [ RunTime:0.001000s ]
[ sql ] [ SQL ] SELECT * FROM `jshop_operation` WHERE  `id` = 2 LIMIT 1 [ RunTime:0.000000s ]
[ sql ] [ SQL ] SELECT * FROM `jshop_operation` WHERE  `id` = 432 LIMIT 1 [ RunTime:0.000000s ]
[ sql ] [ SQL ] SELECT * FROM `jshop_operation` WHERE  `id` = 431 LIMIT 1 [ RunTime:0.001000s ]
[ sql ] [ SQL ] SELECT * FROM `jshop_operation` WHERE  `id` = 2 LIMIT 1 [ RunTime:0.000000s ]
[ sql ] [ SQL ] SELECT * FROM `jshop_operation` WHERE  `id` = 393 LIMIT 1 [ RunTime:0.000000s ]
[ sql ] [ SQL ] SELECT * FROM `jshop_operation` WHERE  `id` = 392 LIMIT 1 [ RunTime:0.000000s ]
[ sql ] [ SQL ] SELECT * FROM `jshop_operation` WHERE  `id` = 2 LIMIT 1 [ RunTime:0.000000s ]
[ sql ] [ SQL ] SELECT * FROM `jshop_operation` WHERE  `id` = 391 LIMIT 1 [ RunTime:0.000000s ]
[ sql ] [ SQL ] SELECT * FROM `jshop_operation` WHERE  `id` = 390 LIMIT 1 [ RunTime:0.000000s ]
[ sql ] [ SQL ] SELECT * FROM `jshop_operation` WHERE  `id` = 2 LIMIT 1 [ RunTime:0.000000s ]
[ sql ] [ SQL ] SELECT * FROM `jshop_operation` WHERE  `id` = 409 LIMIT 1 [ RunTime:0.000000s ]
[ sql ] [ SQL ] SELECT * FROM `jshop_operation` WHERE  `id` = 408 LIMIT 1 [ RunTime:0.000000s ]
[ sql ] [ SQL ] SELECT * FROM `jshop_operation` WHERE  `id` = 2 LIMIT 1 [ RunTime:0.000000s ]
[ sql ] [ SQL ] SELECT * FROM `jshop_operation` WHERE  `id` = 366 LIMIT 1 [ RunTime:0.001000s ]
[ sql ] [ SQL ] SELECT * FROM `jshop_operation` WHERE  `id` = 365 LIMIT 1 [ RunTime:0.000000s ]
[ sql ] [ SQL ] SELECT * FROM `jshop_operation` WHERE  `id` = 2 LIMIT 1 [ RunTime:0.001000s ]
[ sql ] [ SQL ] SELECT * FROM `jshop_operation` WHERE  `id` = 512 LIMIT 1 [ RunTime:0.000000s ]
[ sql ] [ SQL ] SELECT * FROM `jshop_operation` WHERE  `id` = 511 LIMIT 1 [ RunTime:0.001000s ]
[ sql ] [ SQL ] SELECT * FROM `jshop_operation` WHERE  `id` = 2 LIMIT 1 [ RunTime:0.000000s ]
[ sql ] [ SQL ] SELECT * FROM `jshop_operation` WHERE  `id` = 467 LIMIT 1 [ RunTime:0.001000s ]
[ sql ] [ SQL ] SELECT * FROM `jshop_operation` WHERE  `id` = 466 LIMIT 1 [ RunTime:0.000000s ]
[ sql ] [ SQL ] SELECT * FROM `jshop_operation` WHERE  `id` = 2 LIMIT 1 [ RunTime:0.001000s ]
[ sql ] [ SQL ] SELECT * FROM `jshop_operation` WHERE  `id` = 465 LIMIT 1 [ RunTime:0.000000s ]
[ sql ] [ SQL ] SELECT * FROM `jshop_operation` WHERE  `id` = 464 LIMIT 1 [ RunTime:0.001000s ]
[ sql ] [ SQL ] SELECT * FROM `jshop_operation` WHERE  `id` = 2 LIMIT 1 [ RunTime:0.000000s ]
[ sql ] [ SQL ] SELECT * FROM `jshop_operation` WHERE  `id` = 463 LIMIT 1 [ RunTime:0.000000s ]
[ sql ] [ SQL ] SELECT * FROM `jshop_operation` WHERE  `id` = 462 LIMIT 1 [ RunTime:0.000000s ]
[ sql ] [ SQL ] SELECT * FROM `jshop_operation` WHERE  `id` = 2 LIMIT 1 [ RunTime:0.000000s ]
[ sql ] [ SQL ] SELECT * FROM `jshop_operation` WHERE  `id` = 245 LIMIT 1 [ RunTime:0.000000s ]
[ sql ] [ SQL ] SELECT * FROM `jshop_operation` WHERE  `id` = 244 LIMIT 1 [ RunTime:0.000000s ]
[ sql ] [ SQL ] SELECT * FROM `jshop_operation` WHERE  `id` = 2 LIMIT 1 [ RunTime:0.000000s ]
[ sql ] [ SQL ] SELECT * FROM `jshop_operation` WHERE  `id` = 336 LIMIT 1 [ RunTime:0.000000s ]
[ sql ] [ SQL ] SELECT * FROM `jshop_operation` WHERE  `id` = 335 LIMIT 1 [ RunTime:0.001000s ]
[ sql ] [ SQL ] SELECT * FROM `jshop_operation` WHERE  `id` = 2 LIMIT 1 [ RunTime:0.000000s ]
[ sql ] [ SQL ] SELECT * FROM `jshop_operation` WHERE  `id` = 496 LIMIT 1 [ RunTime:0.000000s ]
[ sql ] [ SQL ] SELECT * FROM `jshop_operation` WHERE  `id` = 495 LIMIT 1 [ RunTime:0.000000s ]
[ sql ] [ SQL ] SELECT * FROM `jshop_operation` WHERE  `id` = 2 LIMIT 1 [ RunTime:0.000000s ]
[ sql ] [ SQL ] SELECT * FROM `jshop_operation` WHERE  `id` = 435 LIMIT 1 [ RunTime:0.001000s ]
[ sql ] [ SQL ] SELECT * FROM `jshop_operation` WHERE  `id` = 434 LIMIT 1 [ RunTime:0.000000s ]
[ sql ] [ SQL ] SELECT * FROM `jshop_operation` WHERE  `id` = 2 LIMIT 1 [ RunTime:0.000000s ]
[ sql ] [ SQL ] SELECT * FROM `jshop_operation` WHERE  `id` = 522 LIMIT 1 [ RunTime:0.000000s ]
[ sql ] [ SQL ] SELECT * FROM `jshop_operation` WHERE  `id` = 479 LIMIT 1 [ RunTime:0.001000s ]
[ sql ] [ SQL ] SELECT * FROM `jshop_operation` WHERE  `id` = 2 LIMIT 1 [ RunTime:0.000000s ]
[ sql ] [ SQL ] SELECT * FROM `jshop_operation` WHERE  `id` = 517 LIMIT 1 [ RunTime:0.001000s ]
[ sql ] [ SQL ] SELECT * FROM `jshop_operation` WHERE  `id` = 479 LIMIT 1 [ RunTime:0.000000s ]
[ sql ] [ SQL ] SELECT * FROM `jshop_operation` WHERE  `id` = 2 LIMIT 1 [ RunTime:0.001000s ]
[ sql ] [ SQL ] SELECT * FROM `jshop_operation` WHERE  `id` = 483 LIMIT 1 [ RunTime:0.000000s ]
[ sql ] [ SQL ] SELECT * FROM `jshop_operation` WHERE  `id` = 479 LIMIT 1 [ RunTime:0.001000s ]
[ sql ] [ SQL ] SELECT * FROM `jshop_operation` WHERE  `id` = 2 LIMIT 1 [ RunTime:0.000000s ]
[ sql ] [ SQL ] SELECT * FROM `jshop_operation` WHERE  `id` = 481 LIMIT 1 [ RunTime:0.000000s ]
[ sql ] [ SQL ] SELECT * FROM `jshop_operation` WHERE  `id` = 479 LIMIT 1 [ RunTime:0.000000s ]
[ sql ] [ SQL ] SELECT * FROM `jshop_operation` WHERE  `id` = 2 LIMIT 1 [ RunTime:0.001000s ]
[ sql ] [ SQL ] SELECT * FROM `jshop_operation` WHERE  `id` = 480 LIMIT 1 [ RunTime:0.000000s ]
[ sql ] [ SQL ] SELECT * FROM `jshop_operation` WHERE  `id` = 479 LIMIT 1 [ RunTime:0.000000s ]
[ sql ] [ SQL ] SELECT * FROM `jshop_operation` WHERE  `id` = 2 LIMIT 1 [ RunTime:0.000000s ]
---------------------------------------------------------------
[ 2018-12-14T15:16:50+08:00 ] 0.0.0.0 GET /manage/user/userloglist/state/1.html
[ info ] localhost:8086/manage/user/userloglist/state/1.html [运行时间：1.236000s][吞吐率：0.81req/s] [内存消耗：2,809.79kb] [文件加载：110]
[ info ] [ CACHE ] INIT File
[ info ] [ BEHAVIOR ] Run app\common\behavior\InitHooks->run @app_init [ RunTime:0.014000s ]
[ info ] [ LANG ] D:\newphp\PHPTutorial\WWW\shop1\thinkphp/lang/zh-cn.php
[ info ] [ ROUTE ] array (
)
[ info ] [ HEADER ] array (
  'cookie' => 'LiveWSMAK46357263=1509302702967303651300; NMAK46357263fistvisitetime=1509302703024; NMAK46357263visitecounts=2; NMAK46357263lastvisitetime=1509355649631; NMAK46357263visitepages=27; optimizelyEndUserId=oeu1506607308179r0.1719816488353536; Hm_lvt_91cf34f62b9bedb16460ca36cf192f4c=1518353592; Hm_lvt_6a1e7d4c5a673bd92e286c9b72747bd2=1522238733; Hm_lvt_e7c71ab27c2369ff3e50bcd32a8c4c79=1526610333,1526683426,1526982468; _ga=GA1.1.1059177668.1500448872; uname=15515551555; uid=101156; Huiskin=green; Hm_lvt_f8d0a8c400404989e195270b0bbf060a=1543992903,1544150211,1544343937,1544405788; PHPSESSID=1equl4fum6bn88n2nn20p4b4j3; _aihecong_chat_visibility=true',
  'accept-language' => 'zh-CN,zh;q=0.9',
  'accept-encoding' => 'gzip, deflate, br',
  'referer' => 'http://localhost:8086/manage',
  'user-agent' => 'Mozilla/5.0 (Windows NT 6.1; WOW64) AppleWebKit/537.36 (KHTML, like Gecko) Chrome/63.0.3239.132 Safari/537.36',
  'x-requested-with' => 'XMLHttpRequest',
  'accept' => '*/*',
  'connection' => 'close',
  'host' => 'localhost:8086',
)
[ info ] [ PARAM ] array (
)
[ info ] [ SESSION ] INIT array (
  'id' => '',
  'var_session_id' => '',
  'prefix' => 'manage',
  'type' => '',
  'auto_start' => true,
  'httponly' => true,
  'secure' => false,
)
[ info ] [ DB ] INIT mysql
[ info ] [ BEHAVIOR ] Run app\manage\behavior\Record->run @action_begin [ RunTime:0.004000s ]
[ info ] [ LOG ] INIT File
[ sql ] [ DB ] CONNECT:[ UseTime:1.011000s ] mysql:host=localhost;port=3306;dbname=jshop;charset=utf8
[ sql ] [ SQL ] SHOW COLUMNS FROM `jshop_operation` [ RunTime:0.012000s ]
[ sql ] [ SQL ] SELECT * FROM `jshop_operation` WHERE  `code` = 'User'  AND `type` = 'c'  AND `parent_id` = 2 LIMIT 1 [ RunTime:0.000000s ]
[ sql ] [ SQL ] SELECT * FROM `jshop_operation` WHERE  `code` = 'userloglist'  AND `type` = 'a'  AND `parent_id` = 238 LIMIT 1 [ RunTime:0.000000s ]
[ sql ] [ SQL ] SELECT * FROM `jshop_operation` WHERE  `code` = 'User'  AND `type` = 'c'  AND `parent_id` = 2 LIMIT 1 [ RunTime:0.001000s ]
[ sql ] [ SQL ] SELECT * FROM `jshop_operation` WHERE  `code` = 'userloglist'  AND `type` = 'a'  AND `parent_id` = 238 LIMIT 1 [ RunTime:0.000000s ]
[ sql ] [ SQL ] SHOW COLUMNS FROM `jshop_user_log` [ RunTime:0.028000s ]
[ sql ] [ SQL ] SELECT COUNT(*) AS tp_count FROM `jshop_user_log` LIMIT 1 [ RunTime:0.001000s ]
[ sql ] [ SQL ] SELECT * FROM `jshop_user_log` ORDER BY ctime DESC LIMIT 0,10 [ RunTime:0.001000s ]
---------------------------------------------------------------
[ 2018-12-14T15:16:50+08:00 ] 0.0.0.0 GET /manage/user/statistics.html
[ info ] localhost:8086/manage/user/statistics.html [运行时间：1.258000s][吞吐率：0.79req/s] [内存消耗：2,744.41kb] [文件加载：108]
[ info ] [ CACHE ] INIT File
[ info ] [ BEHAVIOR ] Run app\common\behavior\InitHooks->run @app_init [ RunTime:0.014000s ]
[ info ] [ LANG ] D:\newphp\PHPTutorial\WWW\shop1\thinkphp/lang/zh-cn.php
[ info ] [ ROUTE ] array (
)
[ info ] [ HEADER ] array (
  'cookie' => 'LiveWSMAK46357263=1509302702967303651300; NMAK46357263fistvisitetime=1509302703024; NMAK46357263visitecounts=2; NMAK46357263lastvisitetime=1509355649631; NMAK46357263visitepages=27; optimizelyEndUserId=oeu1506607308179r0.1719816488353536; Hm_lvt_91cf34f62b9bedb16460ca36cf192f4c=1518353592; Hm_lvt_6a1e7d4c5a673bd92e286c9b72747bd2=1522238733; Hm_lvt_e7c71ab27c2369ff3e50bcd32a8c4c79=1526610333,1526683426,1526982468; _ga=GA1.1.1059177668.1500448872; uname=15515551555; uid=101156; Huiskin=green; Hm_lvt_f8d0a8c400404989e195270b0bbf060a=1543992903,1544150211,1544343937,1544405788; PHPSESSID=1equl4fum6bn88n2nn20p4b4j3; _aihecong_chat_visibility=true',
  'accept-language' => 'zh-CN,zh;q=0.9',
  'accept-encoding' => 'gzip, deflate, br',
  'referer' => 'http://localhost:8086/manage',
  'user-agent' => 'Mozilla/5.0 (Windows NT 6.1; WOW64) AppleWebKit/537.36 (KHTML, like Gecko) Chrome/63.0.3239.132 Safari/537.36',
  'x-requested-with' => 'XMLHttpRequest',
  'accept' => '*/*',
  'connection' => 'close',
  'host' => 'localhost:8086',
)
[ info ] [ PARAM ] array (
)
[ info ] [ SESSION ] INIT array (
  'id' => '',
  'var_session_id' => '',
  'prefix' => 'manage',
  'type' => '',
  'auto_start' => true,
  'httponly' => true,
  'secure' => false,
)
[ info ] [ DB ] INIT mysql
[ info ] [ BEHAVIOR ] Run app\manage\behavior\Record->run @action_begin [ RunTime:0.002000s ]
[ info ] [ LOG ] INIT File
[ sql ] [ DB ] CONNECT:[ UseTime:1.072000s ] mysql:host=localhost;port=3306;dbname=jshop;charset=utf8
[ sql ] [ SQL ] SHOW COLUMNS FROM `jshop_operation` [ RunTime:0.015000s ]
[ sql ] [ SQL ] SELECT * FROM `jshop_operation` WHERE  `code` = 'User'  AND `type` = 'c'  AND `parent_id` = 2 LIMIT 1 [ RunTime:0.000000s ]
[ sql ] [ SQL ] SELECT * FROM `jshop_operation` WHERE  `code` = 'statistics'  AND `type` = 'a'  AND `parent_id` = 238 LIMIT 1 [ RunTime:0.001000s ]
[ sql ] [ SQL ] SELECT * FROM `jshop_operation` WHERE  `code` = 'User'  AND `type` = 'c'  AND `parent_id` = 2 LIMIT 1 [ RunTime:0.000000s ]
[ sql ] [ SQL ] SELECT * FROM `jshop_operation` WHERE  `code` = 'statistics'  AND `type` = 'a'  AND `parent_id` = 238 LIMIT 1 [ RunTime:0.001000s ]
[ sql ] [ SQL ] SHOW COLUMNS FROM `jshop_user_log` [ RunTime:0.036000s ]
[ sql ] [ SQL ] SELECT `state`,DATE_FORMAT(from_unixtime(ctime),"%Y-%m-%d") as day,count(*) as nums FROM `jshop_user_log` WHERE  `state` = 1  AND (  TIMESTAMPDIFF(DAY,from_unixtime(ctime),now()) <7 ) GROUP BY DATE_FORMAT(from_unixtime(ctime),"%Y-%m-%d") [ RunTime:0.002000s ]
[ sql ] [ SQL ] SELECT `state`,DATE_FORMAT(from_unixtime(ctime),"%Y-%m-%d") as day,count(*) as nums FROM `jshop_user_log` WHERE  `state` = 3  AND (  TIMESTAMPDIFF(DAY,from_unixtime(ctime),now()) <7 ) GROUP BY DATE_FORMAT(from_unixtime(ctime),"%Y-%m-%d") [ RunTime:0.000000s ]
---------------------------------------------------------------
[ 2018-12-14T15:16:50+08:00 ] 0.0.0.0 GET /manage/order/statistics.html
[ info ] localhost:8086/manage/order/statistics.html [运行时间：1.537000s][吞吐率：0.65req/s] [内存消耗：2,831.98kb] [文件加载：109]
[ info ] [ CACHE ] INIT File
[ info ] [ BEHAVIOR ] Run app\common\behavior\InitHooks->run @app_init [ RunTime:0.023000s ]
[ info ] [ LANG ] D:\newphp\PHPTutorial\WWW\shop1\thinkphp/lang/zh-cn.php
[ info ] [ ROUTE ] array (
)
[ info ] [ HEADER ] array (
  'cookie' => 'LiveWSMAK46357263=1509302702967303651300; NMAK46357263fistvisitetime=1509302703024; NMAK46357263visitecounts=2; NMAK46357263lastvisitetime=1509355649631; NMAK46357263visitepages=27; optimizelyEndUserId=oeu1506607308179r0.1719816488353536; Hm_lvt_91cf34f62b9bedb16460ca36cf192f4c=1518353592; Hm_lvt_6a1e7d4c5a673bd92e286c9b72747bd2=1522238733; Hm_lvt_e7c71ab27c2369ff3e50bcd32a8c4c79=1526610333,1526683426,1526982468; _ga=GA1.1.1059177668.1500448872; uname=15515551555; uid=101156; Huiskin=green; Hm_lvt_f8d0a8c400404989e195270b0bbf060a=1543992903,1544150211,1544343937,1544405788; PHPSESSID=1equl4fum6bn88n2nn20p4b4j3; _aihecong_chat_visibility=true',
  'accept-language' => 'zh-CN,zh;q=0.9',
  'accept-encoding' => 'gzip, deflate, br',
  'referer' => 'http://localhost:8086/manage',
  'user-agent' => 'Mozilla/5.0 (Windows NT 6.1; WOW64) AppleWebKit/537.36 (KHTML, like Gecko) Chrome/63.0.3239.132 Safari/537.36',
  'x-requested-with' => 'XMLHttpRequest',
  'accept' => '*/*',
  'connection' => 'close',
  'host' => 'localhost:8086',
)
[ info ] [ PARAM ] array (
)
[ info ] [ SESSION ] INIT array (
  'id' => '',
  'var_session_id' => '',
  'prefix' => 'manage',
  'type' => '',
  'auto_start' => true,
  'httponly' => true,
  'secure' => false,
)
[ info ] [ DB ] INIT mysql
[ info ] [ BEHAVIOR ] Run app\manage\behavior\Record->run @action_begin [ RunTime:0.011000s ]
[ info ] [ LOG ] INIT File
[ sql ] [ DB ] CONNECT:[ UseTime:1.063000s ] mysql:host=localhost;port=3306;dbname=jshop;charset=utf8
[ sql ] [ SQL ] SHOW COLUMNS FROM `jshop_operation` [ RunTime:0.023000s ]
[ sql ] [ SQL ] SELECT * FROM `jshop_operation` WHERE  `code` = 'Order'  AND `type` = 'c'  AND `parent_id` = 2 LIMIT 1 [ RunTime:0.000000s ]
[ sql ] [ SQL ] SELECT * FROM `jshop_operation` WHERE  `code` = 'statistics'  AND `type` = 'a'  AND `parent_id` = 296 LIMIT 1 [ RunTime:0.000000s ]
[ sql ] [ SQL ] SELECT * FROM `jshop_operation` WHERE  `code` = 'Order'  AND `type` = 'c'  AND `parent_id` = 2 LIMIT 1 [ RunTime:0.001000s ]
[ sql ] [ SQL ] SELECT * FROM `jshop_operation` WHERE  `code` = 'statistics'  AND `type` = 'a'  AND `parent_id` = 296 LIMIT 1 [ RunTime:0.000000s ]
[ sql ] [ SQL ] SELECT DATE_FORMAT(from_unixtime(ctime),"%Y-%m-%d") as day, count(*) as nums FROM jshop_bill_payments WHERE from_unixtime(ctime) >= "2018-12-07" AND `status` = 2 AND `type` = 1 GROUP BY DATE_FORMAT(from_unixtime(ctime),"%Y-%m-%d") [ RunTime:0.055000s ]
[ sql ] [ SQL ] SELECT DATE_FORMAT(from_unixtime(ctime),"%Y-%m-%d") as day, count(*) as nums FROM jshop_bill_delivery WHERE from_unixtime(ctime) >= "2018-12-07" GROUP BY DATE_FORMAT(from_unixtime(ctime),"%Y-%m-%d") [ RunTime:0.161000s ]
---------------------------------------------------------------
[ 2018-12-14T15:16:50+08:00 ] 0.0.0.0 GET /manage/operation_log/getlastlog.html
[ info ] localhost:8086/manage/operation_log/getlastlog.html [运行时间：1.530000s][吞吐率：0.65req/s] [内存消耗：2,834.67kb] [文件加载：111]
[ info ] [ CACHE ] INIT File
[ info ] [ BEHAVIOR ] Run app\common\behavior\InitHooks->run @app_init [ RunTime:0.013000s ]
[ info ] [ LANG ] D:\newphp\PHPTutorial\WWW\shop1\thinkphp/lang/zh-cn.php
[ info ] [ ROUTE ] array (
)
[ info ] [ HEADER ] array (
  'cookie' => 'LiveWSMAK46357263=1509302702967303651300; NMAK46357263fistvisitetime=1509302703024; NMAK46357263visitecounts=2; NMAK46357263lastvisitetime=1509355649631; NMAK46357263visitepages=27; optimizelyEndUserId=oeu1506607308179r0.1719816488353536; Hm_lvt_91cf34f62b9bedb16460ca36cf192f4c=1518353592; Hm_lvt_6a1e7d4c5a673bd92e286c9b72747bd2=1522238733; Hm_lvt_e7c71ab27c2369ff3e50bcd32a8c4c79=1526610333,1526683426,1526982468; _ga=GA1.1.1059177668.1500448872; uname=15515551555; uid=101156; Huiskin=green; Hm_lvt_f8d0a8c400404989e195270b0bbf060a=1543992903,1544150211,1544343937,1544405788; PHPSESSID=1equl4fum6bn88n2nn20p4b4j3; _aihecong_chat_visibility=true',
  'accept-language' => 'zh-CN,zh;q=0.9',
  'accept-encoding' => 'gzip, deflate, br',
  'referer' => 'http://localhost:8086/manage',
  'user-agent' => 'Mozilla/5.0 (Windows NT 6.1; WOW64) AppleWebKit/537.36 (KHTML, like Gecko) Chrome/63.0.3239.132 Safari/537.36',
  'x-requested-with' => 'XMLHttpRequest',
  'accept' => 'application/json, text/javascript, */*; q=0.01',
  'connection' => 'close',
  'host' => 'localhost:8086',
)
[ info ] [ PARAM ] array (
)
[ info ] [ SESSION ] INIT array (
  'id' => '',
  'var_session_id' => '',
  'prefix' => 'manage',
  'type' => '',
  'auto_start' => true,
  'httponly' => true,
  'secure' => false,
)
[ info ] [ DB ] INIT mysql
[ info ] [ BEHAVIOR ] Run app\manage\behavior\Record->run @action_begin [ RunTime:0.002000s ]
[ info ] [ LOG ] INIT File
[ sql ] [ DB ] CONNECT:[ UseTime:1.105000s ] mysql:host=localhost;port=3306;dbname=jshop;charset=utf8
[ sql ] [ SQL ] SHOW COLUMNS FROM `jshop_operation` [ RunTime:0.020000s ]
[ sql ] [ SQL ] SELECT * FROM `jshop_operation` WHERE  `code` = 'OperationLog'  AND `type` = 'c'  AND `parent_id` = 2 LIMIT 1 [ RunTime:0.038000s ]
[ sql ] [ SQL ] SELECT * FROM `jshop_operation` WHERE  `code` = 'getlastlog'  AND `type` = 'a'  AND `parent_id` = 511 LIMIT 1 [ RunTime:0.001000s ]
[ sql ] [ SQL ] SELECT * FROM `jshop_operation` WHERE  `code` = 'OperationLog'  AND `type` = 'c'  AND `parent_id` = 2 LIMIT 1 [ RunTime:0.001000s ]
[ sql ] [ SQL ] SELECT * FROM `jshop_operation` WHERE  `code` = 'getlastlog'  AND `type` = 'a'  AND `parent_id` = 511 LIMIT 1 [ RunTime:0.001000s ]
[ sql ] [ SQL ] SHOW COLUMNS FROM `jshop_operation_log` [ RunTime:0.196000s ]
[ sql ] [ SQL ] SELECT COUNT(*) AS tp_count FROM `jshop_operation_log` LIMIT 1 [ RunTime:0.014000s ]
[ sql ] [ SQL ] SELECT * FROM `jshop_operation_log` ORDER BY id desc LIMIT 0,10 [ RunTime:0.000000s ]
[ sql ] [ SQL ] SHOW COLUMNS FROM `jshop_manage` [ RunTime:0.027000s ]
[ sql ] [ SQL ] SELECT * FROM `jshop_manage` WHERE  `id` = 13 LIMIT 1 [ RunTime:0.000000s ]
[ sql ] [ SQL ] SELECT * FROM `jshop_manage` WHERE  `id` = 13 LIMIT 1 [ RunTime:0.000000s ]
[ sql ] [ SQL ] SELECT * FROM `jshop_manage` WHERE  `id` = 13 LIMIT 1 [ RunTime:0.000000s ]
[ sql ] [ SQL ] SELECT * FROM `jshop_manage` WHERE  `id` = 13 LIMIT 1 [ RunTime:0.000000s ]
[ sql ] [ SQL ] SELECT * FROM `jshop_manage` WHERE  `id` = 13 LIMIT 1 [ RunTime:0.000000s ]
[ sql ] [ SQL ] SELECT * FROM `jshop_manage` WHERE  `id` = 13 LIMIT 1 [ RunTime:0.000000s ]
[ sql ] [ SQL ] SELECT * FROM `jshop_manage` WHERE  `id` = 13 LIMIT 1 [ RunTime:0.001000s ]
[ sql ] [ SQL ] SELECT * FROM `jshop_manage` WHERE  `id` = 13 LIMIT 1 [ RunTime:0.000000s ]
[ sql ] [ SQL ] SELECT * FROM `jshop_manage` WHERE  `id` = 13 LIMIT 1 [ RunTime:0.001000s ]
[ sql ] [ SQL ] SELECT * FROM `jshop_manage` WHERE  `id` = 13 LIMIT 1 [ RunTime:0.000000s ]
---------------------------------------------------------------
[ 2018-12-14T15:16:54+08:00 ] 0.0.0.0 GET /manage/manage/getversion.html
[ info ] localhost:8086/manage/manage/getversion.html [运行时间：5.185000s][吞吐率：0.19req/s] [内存消耗：2,718.72kb] [文件加载：108]
[ info ] [ CACHE ] INIT File
[ info ] [ BEHAVIOR ] Run app\common\behavior\InitHooks->run @app_init [ RunTime:0.016000s ]
[ info ] [ LANG ] D:\newphp\PHPTutorial\WWW\shop1\thinkphp/lang/zh-cn.php
[ info ] [ ROUTE ] array (
)
[ info ] [ HEADER ] array (
  'cookie' => 'LiveWSMAK46357263=1509302702967303651300; NMAK46357263fistvisitetime=1509302703024; NMAK46357263visitecounts=2; NMAK46357263lastvisitetime=1509355649631; NMAK46357263visitepages=27; optimizelyEndUserId=oeu1506607308179r0.1719816488353536; Hm_lvt_91cf34f62b9bedb16460ca36cf192f4c=1518353592; Hm_lvt_6a1e7d4c5a673bd92e286c9b72747bd2=1522238733; Hm_lvt_e7c71ab27c2369ff3e50bcd32a8c4c79=1526610333,1526683426,1526982468; _ga=GA1.1.1059177668.1500448872; uname=15515551555; uid=101156; Huiskin=green; Hm_lvt_f8d0a8c400404989e195270b0bbf060a=1543992903,1544150211,1544343937,1544405788; PHPSESSID=1equl4fum6bn88n2nn20p4b4j3; _aihecong_chat_visibility=true',
  'accept-language' => 'zh-CN,zh;q=0.9',
  'accept-encoding' => 'gzip, deflate, br',
  'referer' => 'http://localhost:8086/manage',
  'user-agent' => 'Mozilla/5.0 (Windows NT 6.1; WOW64) AppleWebKit/537.36 (KHTML, like Gecko) Chrome/63.0.3239.132 Safari/537.36',
  'x-requested-with' => 'XMLHttpRequest',
  'accept' => '*/*',
  'connection' => 'close',
  'host' => 'localhost:8086',
)
[ info ] [ PARAM ] array (
)
[ info ] [ SESSION ] INIT array (
  'id' => '',
  'var_session_id' => '',
  'prefix' => 'manage',
  'type' => '',
  'auto_start' => true,
  'httponly' => true,
  'secure' => false,
)
[ info ] [ DB ] INIT mysql
[ info ] [ BEHAVIOR ] Run app\manage\behavior\Record->run @action_begin [ RunTime:0.002000s ]
[ info ] [ LOG ] INIT File
[ sql ] [ DB ] CONNECT:[ UseTime:1.075000s ] mysql:host=localhost;port=3306;dbname=jshop;charset=utf8
[ sql ] [ SQL ] SHOW COLUMNS FROM `jshop_operation` [ RunTime:0.019000s ]
[ sql ] [ SQL ] SELECT * FROM `jshop_operation` WHERE  `code` = 'Manage'  AND `type` = 'c'  AND `parent_id` = 2 LIMIT 1 [ RunTime:0.001000s ]
[ sql ] [ SQL ] SELECT * FROM `jshop_operation` WHERE  `code` = 'getversion'  AND `type` = 'a'  AND `parent_id` = 416 LIMIT 1 [ RunTime:0.000000s ]
[ sql ] [ SQL ] SELECT * FROM `jshop_operation` WHERE  `code` = 'Manage'  AND `type` = 'c'  AND `parent_id` = 2 LIMIT 1 [ RunTime:0.001000s ]
[ sql ] [ SQL ] SELECT * FROM `jshop_operation` WHERE  `code` = 'getversion'  AND `type` = 'a'  AND `parent_id` = 416 LIMIT 1 [ RunTime:0.000000s ]
---------------------------------------------------------------
[ 2018-12-14T16:29:48+08:00 ] 0.0.0.0 GET /manage/user/index.html
[ info ] localhost:8086/manage/user/index.html [运行时间：1.490000s][吞吐率：0.67req/s] [内存消耗：2,497.58kb] [文件加载：111]
[ info ] [ CACHE ] INIT File
[ info ] [ BEHAVIOR ] Run app\common\behavior\InitHooks->run @app_init [ RunTime:0.015000s ]
[ info ] [ LANG ] D:\newphp\PHPTutorial\WWW\shop1\thinkphp/lang/zh-cn.php
[ info ] [ ROUTE ] array (
)
[ info ] [ HEADER ] array (
  'cookie' => 'LiveWSMAK46357263=1509302702967303651300; NMAK46357263fistvisitetime=1509302703024; NMAK46357263visitecounts=2; NMAK46357263lastvisitetime=1509355649631; NMAK46357263visitepages=27; optimizelyEndUserId=oeu1506607308179r0.1719816488353536; Hm_lvt_91cf34f62b9bedb16460ca36cf192f4c=1518353592; Hm_lvt_6a1e7d4c5a673bd92e286c9b72747bd2=1522238733; Hm_lvt_e7c71ab27c2369ff3e50bcd32a8c4c79=1526610333,1526683426,1526982468; _ga=GA1.1.1059177668.1500448872; uname=15515551555; uid=101156; Huiskin=green; Hm_lvt_f8d0a8c400404989e195270b0bbf060a=1543992903,1544150211,1544343937,1544405788; PHPSESSID=1equl4fum6bn88n2nn20p4b4j3; _aihecong_chat_visibility=false',
  'accept-language' => 'zh-CN,zh;q=0.9',
  'accept-encoding' => 'gzip, deflate, br',
  'referer' => 'http://localhost:8086/manage',
  'accept' => 'text/html,application/xhtml+xml,application/xml;q=0.9,image/webp,image/apng,*/*;q=0.8',
  'user-agent' => 'Mozilla/5.0 (Windows NT 6.1; WOW64) AppleWebKit/537.36 (KHTML, like Gecko) Chrome/63.0.3239.132 Safari/537.36',
  'upgrade-insecure-requests' => '1',
  'connection' => 'close',
  'host' => 'localhost:8086',
)
[ info ] [ PARAM ] array (
)
[ info ] [ SESSION ] INIT array (
  'id' => '',
  'var_session_id' => '',
  'prefix' => 'manage',
  'type' => '',
  'auto_start' => true,
  'httponly' => true,
  'secure' => false,
)
[ info ] [ DB ] INIT mysql
[ info ] [ BEHAVIOR ] Run app\manage\behavior\Record->run @action_begin [ RunTime:0.003000s ]
[ info ] [ VIEW ] D:\newphp\PHPTutorial\WWW\shop1\application/manage/view\user\index.html [ array (
  0 => 'params',
  1 => 'nav',
  2 => 'menu',
  3 => 'jshopHost',
) ]
[ info ] [ LOG ] INIT File
[ sql ] [ DB ] CONNECT:[ UseTime:1.017000s ] mysql:host=localhost;port=3306;dbname=jshop;charset=utf8
[ sql ] [ SQL ] SHOW COLUMNS FROM `jshop_operation` [ RunTime:0.030000s ]
[ sql ] [ SQL ] SELECT * FROM `jshop_operation` WHERE  `code` = 'User'  AND `type` = 'c'  AND `parent_id` = 2 LIMIT 1 [ RunTime:0.001000s ]
[ sql ] [ SQL ] SELECT * FROM `jshop_operation` WHERE  `code` = 'index'  AND `type` = 'a'  AND `parent_id` = 238 LIMIT 1 [ RunTime:0.000000s ]
[ sql ] [ SQL ] SELECT * FROM `jshop_operation` WHERE  `id` = 239 LIMIT 1 [ RunTime:0.000000s ]
[ sql ] [ SQL ] SELECT * FROM `jshop_operation` WHERE  `id` = 238 LIMIT 1 [ RunTime:0.000000s ]
[ sql ] [ SQL ] SELECT * FROM `jshop_operation` WHERE  `id` = 238 LIMIT 1 [ RunTime:0.000000s ]
[ sql ] [ SQL ] SELECT * FROM `jshop_operation` WHERE  `id` = 2 LIMIT 1 [ RunTime:0.000000s ]
[ sql ] [ SQL ] SELECT * FROM `jshop_operation` WHERE  `id` = 2 LIMIT 1 [ RunTime:0.001000s ]
[ sql ] [ SQL ] SELECT * FROM `jshop_operation` WHERE  `id` = 1 LIMIT 1 [ RunTime:0.000000s ]
[ sql ] [ SQL ] SELECT * FROM `jshop_operation` WHERE  `code` = 'User'  AND `type` = 'c'  AND `parent_id` = 2 LIMIT 1 [ RunTime:0.000000s ]
[ sql ] [ SQL ] SELECT * FROM `jshop_operation` WHERE  `code` = 'index'  AND `type` = 'a'  AND `parent_id` = 238 LIMIT 1 [ RunTime:0.000000s ]
[ sql ] [ SQL ] SELECT * FROM `jshop_operation` WHERE  `id` = 238 LIMIT 1 [ RunTime:0.000000s ]
[ sql ] [ SQL ] SELECT * FROM `jshop_operation` WHERE  `perm_type` = 1 ORDER BY sort asc [ RunTime:0.001000s ]
[ sql ] [ SQL ] SELECT * FROM `jshop_operation` WHERE  `id` = 239 LIMIT 1 [ RunTime:0.000000s ]
[ sql ] [ SQL ] SELECT * FROM `jshop_operation` WHERE  `id` = 238 LIMIT 1 [ RunTime:0.001000s ]
[ sql ] [ SQL ] SELECT * FROM `jshop_operation` WHERE  `id` = 2 LIMIT 1 [ RunTime:0.000000s ]
[ sql ] [ SQL ] SELECT * FROM `jshop_operation` WHERE  `id` = 417 LIMIT 1 [ RunTime:0.001000s ]
[ sql ] [ SQL ] SELECT * FROM `jshop_operation` WHERE  `id` = 416 LIMIT 1 [ RunTime:0.001000s ]
[ sql ] [ SQL ] SELECT * FROM `jshop_operation` WHERE  `id` = 2 LIMIT 1 [ RunTime:0.001000s ]
[ sql ] [ SQL ] SELECT * FROM `jshop_operation` WHERE  `id` = 411 LIMIT 1 [ RunTime:0.001000s ]
[ sql ] [ SQL ] SELECT * FROM `jshop_operation` WHERE  `id` = 410 LIMIT 1 [ RunTime:0.000000s ]
[ sql ] [ SQL ] SELECT * FROM `jshop_operation` WHERE  `id` = 2 LIMIT 1 [ RunTime:0.001000s ]
[ sql ] [ SQL ] SELECT * FROM `jshop_operation` WHERE  `id` = 442 LIMIT 1 [ RunTime:0.001000s ]
[ sql ] [ SQL ] SELECT * FROM `jshop_operation` WHERE  `id` = 441 LIMIT 1 [ RunTime:0.000000s ]
[ sql ] [ SQL ] SELECT * FROM `jshop_operation` WHERE  `id` = 2 LIMIT 1 [ RunTime:0.001000s ]
[ sql ] [ SQL ] SELECT * FROM `jshop_operation` WHERE  `id` = 306 LIMIT 1 [ RunTime:0.000000s ]
[ sql ] [ SQL ] SELECT * FROM `jshop_operation` WHERE  `id` = 305 LIMIT 1 [ RunTime:0.001000s ]
[ sql ] [ SQL ] SELECT * FROM `jshop_operation` WHERE  `id` = 2 LIMIT 1 [ RunTime:0.000000s ]
[ sql ] [ SQL ] SELECT * FROM `jshop_operation` WHERE  `id` = 292 LIMIT 1 [ RunTime:0.000000s ]
[ sql ] [ SQL ] SELECT * FROM `jshop_operation` WHERE  `id` = 291 LIMIT 1 [ RunTime:0.000000s ]
[ sql ] [ SQL ] SELECT * FROM `jshop_operation` WHERE  `id` = 2 LIMIT 1 [ RunTime:0.000000s ]
[ sql ] [ SQL ] SELECT * FROM `jshop_operation` WHERE  `id` = 287 LIMIT 1 [ RunTime:0.000000s ]
[ sql ] [ SQL ] SELECT * FROM `jshop_operation` WHERE  `id` = 286 LIMIT 1 [ RunTime:0.000000s ]
[ sql ] [ SQL ] SELECT * FROM `jshop_operation` WHERE  `id` = 2 LIMIT 1 [ RunTime:0.000000s ]
[ sql ] [ SQL ] SELECT * FROM `jshop_operation` WHERE  `id` = 324 LIMIT 1 [ RunTime:0.000000s ]
[ sql ] [ SQL ] SELECT * FROM `jshop_operation` WHERE  `id` = 323 LIMIT 1 [ RunTime:0.001000s ]
[ sql ] [ SQL ] SELECT * FROM `jshop_operation` WHERE  `id` = 2 LIMIT 1 [ RunTime:0.000000s ]
[ sql ] [ SQL ] SELECT * FROM `jshop_operation` WHERE  `id` = 331 LIMIT 1 [ RunTime:0.001000s ]
[ sql ] [ SQL ] SELECT * FROM `jshop_operation` WHERE  `id` = 330 LIMIT 1 [ RunTime:0.000000s ]
[ sql ] [ SQL ] SELECT * FROM `jshop_operation` WHERE  `id` = 2 LIMIT 1 [ RunTime:0.001000s ]
[ sql ] [ SQL ] SELECT * FROM `jshop_operation` WHERE  `id` = 422 LIMIT 1 [ RunTime:0.000000s ]
[ sql ] [ SQL ] SELECT * FROM `jshop_operation` WHERE  `id` = 421 LIMIT 1 [ RunTime:0.000000s ]
[ sql ] [ SQL ] SELECT * FROM `jshop_operation` WHERE  `id` = 2 LIMIT 1 [ RunTime:0.000000s ]
[ sql ] [ SQL ] SELECT * FROM `jshop_operation` WHERE  `id` = 240 LIMIT 1 [ RunTime:0.000000s ]
[ sql ] [ SQL ] SELECT * FROM `jshop_operation` WHERE  `id` = 238 LIMIT 1 [ RunTime:0.001000s ]
[ sql ] [ SQL ] SELECT * FROM `jshop_operation` WHERE  `id` = 2 LIMIT 1 [ RunTime:0.000000s ]
[ sql ] [ SQL ] SELECT * FROM `jshop_operation` WHERE  `id` = 297 LIMIT 1 [ RunTime:0.000000s ]
[ sql ] [ SQL ] SELECT * FROM `jshop_operation` WHERE  `id` = 296 LIMIT 1 [ RunTime:0.000000s ]
[ sql ] [ SQL ] SELECT * FROM `jshop_operation` WHERE  `id` = 2 LIMIT 1 [ RunTime:0.001000s ]
[ sql ] [ SQL ] SELECT * FROM `jshop_operation` WHERE  `id` = 405 LIMIT 1 [ RunTime:0.001000s ]
[ sql ] [ SQL ] SELECT * FROM `jshop_operation` WHERE  `id` = 404 LIMIT 1 [ RunTime:0.000000s ]
[ sql ] [ SQL ] SELECT * FROM `jshop_operation` WHERE  `id` = 2 LIMIT 1 [ RunTime:0.001000s ]
[ sql ] [ SQL ] SELECT * FROM `jshop_operation` WHERE  `id` = 488 LIMIT 1 [ RunTime:0.000000s ]
[ sql ] [ SQL ] SELECT * FROM `jshop_operation` WHERE  `id` = 487 LIMIT 1 [ RunTime:0.001000s ]
[ sql ] [ SQL ] SELECT * FROM `jshop_operation` WHERE  `id` = 2 LIMIT 1 [ RunTime:0.000000s ]
[ sql ] [ SQL ] SELECT * FROM `jshop_operation` WHERE  `id` = 344 LIMIT 1 [ RunTime:0.001000s ]
[ sql ] [ SQL ] SELECT * FROM `jshop_operation` WHERE  `id` = 343 LIMIT 1 [ RunTime:0.000000s ]
[ sql ] [ SQL ] SELECT * FROM `jshop_operation` WHERE  `id` = 2 LIMIT 1 [ RunTime:0.001000s ]
[ sql ] [ SQL ] SELECT * FROM `jshop_operation` WHERE  `id` = 348 LIMIT 1 [ RunTime:0.000000s ]
[ sql ] [ SQL ] SELECT * FROM `jshop_operation` WHERE  `id` = 347 LIMIT 1 [ RunTime:0.000000s ]
[ sql ] [ SQL ] SELECT * FROM `jshop_operation` WHERE  `id` = 2 LIMIT 1 [ RunTime:0.000000s ]
[ sql ] [ SQL ] SELECT * FROM `jshop_operation` WHERE  `id` = 278 LIMIT 1 [ RunTime:0.000000s ]
[ sql ] [ SQL ] SELECT * FROM `jshop_operation` WHERE  `id` = 277 LIMIT 1 [ RunTime:0.001000s ]
[ sql ] [ SQL ] SELECT * FROM `jshop_operation` WHERE  `id` = 2 LIMIT 1 [ RunTime:0.000000s ]
[ sql ] [ SQL ] SELECT * FROM `jshop_operation` WHERE  `id` = 253 LIMIT 1 [ RunTime:0.001000s ]
[ sql ] [ SQL ] SELECT * FROM `jshop_operation` WHERE  `id` = 252 LIMIT 1 [ RunTime:0.000000s ]
[ sql ] [ SQL ] SELECT * FROM `jshop_operation` WHERE  `id` = 2 LIMIT 1 [ RunTime:0.000000s ]
[ sql ] [ SQL ] SELECT * FROM `jshop_operation` WHERE  `id` = 259 LIMIT 1 [ RunTime:0.001000s ]
[ sql ] [ SQL ] SELECT * FROM `jshop_operation` WHERE  `id` = 258 LIMIT 1 [ RunTime:0.000000s ]
[ sql ] [ SQL ] SELECT * FROM `jshop_operation` WHERE  `id` = 2 LIMIT 1 [ RunTime:0.001000s ]
[ sql ] [ SQL ] SELECT * FROM `jshop_operation` WHERE  `id` = 267 LIMIT 1 [ RunTime:0.000000s ]
[ sql ] [ SQL ] SELECT * FROM `jshop_operation` WHERE  `id` = 266 LIMIT 1 [ RunTime:0.001000s ]
[ sql ] [ SQL ] SELECT * FROM `jshop_operation` WHERE  `id` = 2 LIMIT 1 [ RunTime:0.001000s ]
[ sql ] [ SQL ] SELECT * FROM `jshop_operation` WHERE  `id` = 272 LIMIT 1 [ RunTime:0.001000s ]
[ sql ] [ SQL ] SELECT * FROM `jshop_operation` WHERE  `id` = 271 LIMIT 1 [ RunTime:0.000000s ]
[ sql ] [ SQL ] SELECT * FROM `jshop_operation` WHERE  `id` = 2 LIMIT 1 [ RunTime:0.000000s ]
[ sql ] [ SQL ] SELECT * FROM `jshop_operation` WHERE  `id` = 491 LIMIT 1 [ RunTime:0.001000s ]
[ sql ] [ SQL ] SELECT * FROM `jshop_operation` WHERE  `id` = 356 LIMIT 1 [ RunTime:0.001000s ]
[ sql ] [ SQL ] SELECT * FROM `jshop_operation` WHERE  `id` = 2 LIMIT 1 [ RunTime:0.000000s ]
[ sql ] [ SQL ] SELECT * FROM `jshop_operation` WHERE  `id` = 361 LIMIT 1 [ RunTime:0.000000s ]
[ sql ] [ SQL ] SELECT * FROM `jshop_operation` WHERE  `id` = 356 LIMIT 1 [ RunTime:0.000000s ]
[ sql ] [ SQL ] SELECT * FROM `jshop_operation` WHERE  `id` = 2 LIMIT 1 [ RunTime:0.000000s ]
[ sql ] [ SQL ] SELECT * FROM `jshop_operation` WHERE  `id` = 357 LIMIT 1 [ RunTime:0.001000s ]
[ sql ] [ SQL ] SELECT * FROM `jshop_operation` WHERE  `id` = 356 LIMIT 1 [ RunTime:0.000000s ]
[ sql ] [ SQL ] SELECT * FROM `jshop_operation` WHERE  `id` = 2 LIMIT 1 [ RunTime:0.001000s ]
[ sql ] [ SQL ] SELECT * FROM `jshop_operation` WHERE  `id` = 400 LIMIT 1 [ RunTime:0.000000s ]
[ sql ] [ SQL ] SELECT * FROM `jshop_operation` WHERE  `id` = 399 LIMIT 1 [ RunTime:0.000000s ]
[ sql ] [ SQL ] SELECT * FROM `jshop_operation` WHERE  `id` = 2 LIMIT 1 [ RunTime:0.000000s ]
[ sql ] [ SQL ] SELECT * FROM `jshop_operation` WHERE  `id` = 460 LIMIT 1 [ RunTime:0.000000s ]
[ sql ] [ SQL ] SELECT * FROM `jshop_operation` WHERE  `id` = 431 LIMIT 1 [ RunTime:0.001000s ]
[ sql ] [ SQL ] SELECT * FROM `jshop_operation` WHERE  `id` = 2 LIMIT 1 [ RunTime:0.000000s ]
[ sql ] [ SQL ] SELECT * FROM `jshop_operation` WHERE  `id` = 247 LIMIT 1 [ RunTime:0.000000s ]
[ sql ] [ SQL ] SELECT * FROM `jshop_operation` WHERE  `id` = 246 LIMIT 1 [ RunTime:0.000000s ]
[ sql ] [ SQL ] SELECT * FROM `jshop_operation` WHERE  `id` = 2 LIMIT 1 [ RunTime:0.001000s ]
[ sql ] [ SQL ] SELECT * FROM `jshop_operation` WHERE  `id` = 352 LIMIT 1 [ RunTime:0.000000s ]
[ sql ] [ SQL ] SELECT * FROM `jshop_operation` WHERE  `id` = 351 LIMIT 1 [ RunTime:0.000000s ]
[ sql ] [ SQL ] SELECT * FROM `jshop_operation` WHERE  `id` = 2 LIMIT 1 [ RunTime:0.000000s ]
[ sql ] [ SQL ] SELECT * FROM `jshop_operation` WHERE  `id` = 432 LIMIT 1 [ RunTime:0.000000s ]
[ sql ] [ SQL ] SELECT * FROM `jshop_operation` WHERE  `id` = 431 LIMIT 1 [ RunTime:0.001000s ]
[ sql ] [ SQL ] SELECT * FROM `jshop_operation` WHERE  `id` = 2 LIMIT 1 [ RunTime:0.001000s ]
[ sql ] [ SQL ] SELECT * FROM `jshop_operation` WHERE  `id` = 393 LIMIT 1 [ RunTime:0.001000s ]
[ sql ] [ SQL ] SELECT * FROM `jshop_operation` WHERE  `id` = 392 LIMIT 1 [ RunTime:0.001000s ]
[ sql ] [ SQL ] SELECT * FROM `jshop_operation` WHERE  `id` = 2 LIMIT 1 [ RunTime:0.000000s ]
[ sql ] [ SQL ] SELECT * FROM `jshop_operation` WHERE  `id` = 391 LIMIT 1 [ RunTime:0.001000s ]
[ sql ] [ SQL ] SELECT * FROM `jshop_operation` WHERE  `id` = 390 LIMIT 1 [ RunTime:0.000000s ]
[ sql ] [ SQL ] SELECT * FROM `jshop_operation` WHERE  `id` = 2 LIMIT 1 [ RunTime:0.001000s ]
[ sql ] [ SQL ] SELECT * FROM `jshop_operation` WHERE  `id` = 409 LIMIT 1 [ RunTime:0.000000s ]
[ sql ] [ SQL ] SELECT * FROM `jshop_operation` WHERE  `id` = 408 LIMIT 1 [ RunTime:0.000000s ]
[ sql ] [ SQL ] SELECT * FROM `jshop_operation` WHERE  `id` = 2 LIMIT 1 [ RunTime:0.000000s ]
[ sql ] [ SQL ] SELECT * FROM `jshop_operation` WHERE  `id` = 366 LIMIT 1 [ RunTime:0.000000s ]
[ sql ] [ SQL ] SELECT * FROM `jshop_operation` WHERE  `id` = 365 LIMIT 1 [ RunTime:0.001000s ]
[ sql ] [ SQL ] SELECT * FROM `jshop_operation` WHERE  `id` = 2 LIMIT 1 [ RunTime:0.000000s ]
[ sql ] [ SQL ] SELECT * FROM `jshop_operation` WHERE  `id` = 512 LIMIT 1 [ RunTime:0.001000s ]
[ sql ] [ SQL ] SELECT * FROM `jshop_operation` WHERE  `id` = 511 LIMIT 1 [ RunTime:0.000000s ]
[ sql ] [ SQL ] SELECT * FROM `jshop_operation` WHERE  `id` = 2 LIMIT 1 [ RunTime:0.000000s ]
[ sql ] [ SQL ] SELECT * FROM `jshop_operation` WHERE  `id` = 467 LIMIT 1 [ RunTime:0.001000s ]
[ sql ] [ SQL ] SELECT * FROM `jshop_operation` WHERE  `id` = 466 LIMIT 1 [ RunTime:0.000000s ]
[ sql ] [ SQL ] SELECT * FROM `jshop_operation` WHERE  `id` = 2 LIMIT 1 [ RunTime:0.000000s ]
[ sql ] [ SQL ] SELECT * FROM `jshop_operation` WHERE  `id` = 465 LIMIT 1 [ RunTime:0.001000s ]
[ sql ] [ SQL ] SELECT * FROM `jshop_operation` WHERE  `id` = 464 LIMIT 1 [ RunTime:0.000000s ]
[ sql ] [ SQL ] SELECT * FROM `jshop_operation` WHERE  `id` = 2 LIMIT 1 [ RunTime:0.001000s ]
[ sql ] [ SQL ] SELECT * FROM `jshop_operation` WHERE  `id` = 463 LIMIT 1 [ RunTime:0.000000s ]
[ sql ] [ SQL ] SELECT * FROM `jshop_operation` WHERE  `id` = 462 LIMIT 1 [ RunTime:0.000000s ]
[ sql ] [ SQL ] SELECT * FROM `jshop_operation` WHERE  `id` = 2 LIMIT 1 [ RunTime:0.001000s ]
[ sql ] [ SQL ] SELECT * FROM `jshop_operation` WHERE  `id` = 245 LIMIT 1 [ RunTime:0.000000s ]
[ sql ] [ SQL ] SELECT * FROM `jshop_operation` WHERE  `id` = 244 LIMIT 1 [ RunTime:0.001000s ]
[ sql ] [ SQL ] SELECT * FROM `jshop_operation` WHERE  `id` = 2 LIMIT 1 [ RunTime:0.001000s ]
[ sql ] [ SQL ] SELECT * FROM `jshop_operation` WHERE  `id` = 336 LIMIT 1 [ RunTime:0.001000s ]
[ sql ] [ SQL ] SELECT * FROM `jshop_operation` WHERE  `id` = 335 LIMIT 1 [ RunTime:0.000000s ]
[ sql ] [ SQL ] SELECT * FROM `jshop_operation` WHERE  `id` = 2 LIMIT 1 [ RunTime:0.000000s ]
[ sql ] [ SQL ] SELECT * FROM `jshop_operation` WHERE  `id` = 496 LIMIT 1 [ RunTime:0.001000s ]
[ sql ] [ SQL ] SELECT * FROM `jshop_operation` WHERE  `id` = 495 LIMIT 1 [ RunTime:0.000000s ]
[ sql ] [ SQL ] SELECT * FROM `jshop_operation` WHERE  `id` = 2 LIMIT 1 [ RunTime:0.000000s ]
[ sql ] [ SQL ] SELECT * FROM `jshop_operation` WHERE  `id` = 435 LIMIT 1 [ RunTime:0.001000s ]
[ sql ] [ SQL ] SELECT * FROM `jshop_operation` WHERE  `id` = 434 LIMIT 1 [ RunTime:0.000000s ]
[ sql ] [ SQL ] SELECT * FROM `jshop_operation` WHERE  `id` = 2 LIMIT 1 [ RunTime:0.001000s ]
[ sql ] [ SQL ] SELECT * FROM `jshop_operation` WHERE  `id` = 522 LIMIT 1 [ RunTime:0.000000s ]
[ sql ] [ SQL ] SELECT * FROM `jshop_operation` WHERE  `id` = 479 LIMIT 1 [ RunTime:0.000000s ]
[ sql ] [ SQL ] SELECT * FROM `jshop_operation` WHERE  `id` = 2 LIMIT 1 [ RunTime:0.000000s ]
[ sql ] [ SQL ] SELECT * FROM `jshop_operation` WHERE  `id` = 517 LIMIT 1 [ RunTime:0.000000s ]
[ sql ] [ SQL ] SELECT * FROM `jshop_operation` WHERE  `id` = 479 LIMIT 1 [ RunTime:0.001000s ]
[ sql ] [ SQL ] SELECT * FROM `jshop_operation` WHERE  `id` = 2 LIMIT 1 [ RunTime:0.000000s ]
[ sql ] [ SQL ] SELECT * FROM `jshop_operation` WHERE  `id` = 483 LIMIT 1 [ RunTime:0.001000s ]
[ sql ] [ SQL ] SELECT * FROM `jshop_operation` WHERE  `id` = 479 LIMIT 1 [ RunTime:0.000000s ]
[ sql ] [ SQL ] SELECT * FROM `jshop_operation` WHERE  `id` = 2 LIMIT 1 [ RunTime:0.000000s ]
[ sql ] [ SQL ] SELECT * FROM `jshop_operation` WHERE  `id` = 481 LIMIT 1 [ RunTime:0.000000s ]
[ sql ] [ SQL ] SELECT * FROM `jshop_operation` WHERE  `id` = 479 LIMIT 1 [ RunTime:0.000000s ]
[ sql ] [ SQL ] SELECT * FROM `jshop_operation` WHERE  `id` = 2 LIMIT 1 [ RunTime:0.001000s ]
[ sql ] [ SQL ] SELECT * FROM `jshop_operation` WHERE  `id` = 480 LIMIT 1 [ RunTime:0.000000s ]
[ sql ] [ SQL ] SELECT * FROM `jshop_operation` WHERE  `id` = 479 LIMIT 1 [ RunTime:0.000000s ]
[ sql ] [ SQL ] SELECT * FROM `jshop_operation` WHERE  `id` = 2 LIMIT 1 [ RunTime:0.000000s ]
---------------------------------------------------------------
[ 2018-12-14T16:29:49+08:00 ] 0.0.0.0 GET /manage/user/index.html?_ajax=1&page=1&limit=20
[ info ] localhost:8086/manage/user/index.html?_ajax=1&page=1&limit=20 [运行时间：1.186000s][吞吐率：0.84req/s] [内存消耗：3,020.55kb] [文件加载：114]
[ info ] [ CACHE ] INIT File
[ info ] [ BEHAVIOR ] Run app\common\behavior\InitHooks->run @app_init [ RunTime:0.013000s ]
[ info ] [ LANG ] D:\newphp\PHPTutorial\WWW\shop1\thinkphp/lang/zh-cn.php
[ info ] [ ROUTE ] array (
)
[ info ] [ HEADER ] array (
  'cookie' => 'LiveWSMAK46357263=1509302702967303651300; NMAK46357263fistvisitetime=1509302703024; NMAK46357263visitecounts=2; NMAK46357263lastvisitetime=1509355649631; NMAK46357263visitepages=27; optimizelyEndUserId=oeu1506607308179r0.1719816488353536; Hm_lvt_91cf34f62b9bedb16460ca36cf192f4c=1518353592; Hm_lvt_6a1e7d4c5a673bd92e286c9b72747bd2=1522238733; Hm_lvt_e7c71ab27c2369ff3e50bcd32a8c4c79=1526610333,1526683426,1526982468; _ga=GA1.1.1059177668.1500448872; uname=15515551555; uid=101156; Huiskin=green; Hm_lvt_f8d0a8c400404989e195270b0bbf060a=1543992903,1544150211,1544343937,1544405788; PHPSESSID=1equl4fum6bn88n2nn20p4b4j3; _aihecong_chat_visibility=false',
  'accept-language' => 'zh-CN,zh;q=0.9',
  'accept-encoding' => 'gzip, deflate, br',
  'referer' => 'http://localhost:8086/manage/user/index.html',
  'user-agent' => 'Mozilla/5.0 (Windows NT 6.1; WOW64) AppleWebKit/537.36 (KHTML, like Gecko) Chrome/63.0.3239.132 Safari/537.36',
  'x-requested-with' => 'XMLHttpRequest',
  'accept' => 'application/json, text/javascript, */*; q=0.01',
  'connection' => 'close',
  'host' => 'localhost:8086',
)
[ info ] [ PARAM ] array (
  '_ajax' => '1',
  'page' => '1',
  'limit' => '20',
)
[ info ] [ SESSION ] INIT array (
  'id' => '',
  'var_session_id' => '',
  'prefix' => 'manage',
  'type' => '',
  'auto_start' => true,
  'httponly' => true,
  'secure' => false,
)
[ info ] [ DB ] INIT mysql
[ info ] [ BEHAVIOR ] Run app\manage\behavior\Record->run @action_begin [ RunTime:0.002000s ]
[ info ] [ LOG ] INIT File
[ sql ] [ DB ] CONNECT:[ UseTime:1.006000s ] mysql:host=localhost;port=3306;dbname=jshop;charset=utf8
[ sql ] [ SQL ] SHOW COLUMNS FROM `jshop_operation` [ RunTime:0.030000s ]
[ sql ] [ SQL ] SELECT * FROM `jshop_operation` WHERE  `code` = 'User'  AND `type` = 'c'  AND `parent_id` = 2 LIMIT 1 [ RunTime:0.001000s ]
[ sql ] [ SQL ] SELECT * FROM `jshop_operation` WHERE  `code` = 'index'  AND `type` = 'a'  AND `parent_id` = 238 LIMIT 1 [ RunTime:0.001000s ]
[ sql ] [ SQL ] SELECT * FROM `jshop_operation` WHERE  `id` = 239 LIMIT 1 [ RunTime:0.000000s ]
[ sql ] [ SQL ] SELECT * FROM `jshop_operation` WHERE  `id` = 238 LIMIT 1 [ RunTime:0.001000s ]
[ sql ] [ SQL ] SELECT * FROM `jshop_operation` WHERE  `id` = 238 LIMIT 1 [ RunTime:0.000000s ]
[ sql ] [ SQL ] SELECT * FROM `jshop_operation` WHERE  `id` = 2 LIMIT 1 [ RunTime:0.000000s ]
[ sql ] [ SQL ] SELECT * FROM `jshop_operation` WHERE  `id` = 2 LIMIT 1 [ RunTime:0.001000s ]
[ sql ] [ SQL ] SELECT * FROM `jshop_operation` WHERE  `id` = 1 LIMIT 1 [ RunTime:0.000000s ]
[ sql ] [ SQL ] SELECT * FROM `jshop_operation` WHERE  `code` = 'User'  AND `type` = 'c'  AND `parent_id` = 2 LIMIT 1 [ RunTime:0.000000s ]
[ sql ] [ SQL ] SELECT * FROM `jshop_operation` WHERE  `code` = 'index'  AND `type` = 'a'  AND `parent_id` = 238 LIMIT 1 [ RunTime:0.001000s ]
[ sql ] [ SQL ] SELECT * FROM `jshop_operation` WHERE  `id` = 238 LIMIT 1 [ RunTime:0.001000s ]
[ sql ] [ SQL ] SHOW COLUMNS FROM `jshop_user` [ RunTime:0.031000s ]
[ sql ] [ SQL ] SELECT COUNT(*) AS tp_count FROM `jshop_user` WHERE `jshop_user`.`isdel` IS NULL LIMIT 1 [ RunTime:0.001000s ]
[ sql ] [ SQL ] SELECT * FROM `jshop_user` WHERE `jshop_user`.`isdel` IS NULL ORDER BY id desc LIMIT 0,20 [ RunTime:0.000000s ]
[ sql ] [ SQL ] SELECT * FROM `jshop_user` WHERE (  `id` = 14 ) AND `jshop_user`.`isdel` IS NULL LIMIT 1 [ RunTime:0.000000s ]
[ sql ] [ SQL ] SELECT * FROM `jshop_user` WHERE (  `id` = 14 ) AND `jshop_user`.`isdel` IS NULL LIMIT 1 [ RunTime:0.000000s ]
---------------------------------------------------------------
[ 2018-12-14T16:33:26+08:00 ] 0.0.0.0 GET /manage/user/index.html
[ info ] localhost:8086/manage/user/index.html [运行时间：1.236000s][吞吐率：0.81req/s] [内存消耗：2,868.84kb] [文件加载：110]
[ info ] [ CACHE ] INIT File
[ info ] [ BEHAVIOR ] Run app\common\behavior\InitHooks->run @app_init [ RunTime:0.013000s ]
[ info ] [ LANG ] D:\newphp\PHPTutorial\WWW\shop1\thinkphp/lang/zh-cn.php
[ info ] [ ROUTE ] array (
)
[ info ] [ HEADER ] array (
  'cookie' => 'LiveWSMAK46357263=1509302702967303651300; NMAK46357263fistvisitetime=1509302703024; NMAK46357263visitecounts=2; NMAK46357263lastvisitetime=1509355649631; NMAK46357263visitepages=27; optimizelyEndUserId=oeu1506607308179r0.1719816488353536; Hm_lvt_91cf34f62b9bedb16460ca36cf192f4c=1518353592; Hm_lvt_6a1e7d4c5a673bd92e286c9b72747bd2=1522238733; Hm_lvt_e7c71ab27c2369ff3e50bcd32a8c4c79=1526610333,1526683426,1526982468; _ga=GA1.1.1059177668.1500448872; uname=15515551555; uid=101156; Huiskin=green; Hm_lvt_f8d0a8c400404989e195270b0bbf060a=1543992903,1544150211,1544343937,1544405788; PHPSESSID=1equl4fum6bn88n2nn20p4b4j3; _aihecong_chat_visibility=false',
  'accept-language' => 'zh-CN,zh;q=0.9',
  'accept-encoding' => 'gzip, deflate, br',
  'referer' => 'http://localhost:8086/manage/user/index.html',
  'accept' => 'text/html,application/xhtml+xml,application/xml;q=0.9,image/webp,image/apng,*/*;q=0.8',
  'user-agent' => 'Mozilla/5.0 (Windows NT 6.1; WOW64) AppleWebKit/537.36 (KHTML, like Gecko) Chrome/63.0.3239.132 Safari/537.36',
  'upgrade-insecure-requests' => '1',
  'connection' => 'close',
  'host' => 'localhost:8086',
)
[ info ] [ PARAM ] array (
)
[ info ] [ SESSION ] INIT array (
  'id' => '',
  'var_session_id' => '',
  'prefix' => 'manage',
  'type' => '',
  'auto_start' => true,
  'httponly' => true,
  'secure' => false,
)
[ info ] [ DB ] INIT mysql
[ info ] [ BEHAVIOR ] Run app\manage\behavior\Record->run @action_begin [ RunTime:0.003000s ]
[ info ] [ VIEW ] D:\newphp\PHPTutorial\WWW\shop1\application/manage/view\user\index.html [ array (
  0 => 'params',
  1 => 'nav',
  2 => 'menu',
  3 => 'jshopHost',
) ]
[ info ] [ LOG ] INIT File
[ sql ] [ DB ] CONNECT:[ UseTime:1.014000s ] mysql:host=localhost;port=3306;dbname=jshop;charset=utf8
[ sql ] [ SQL ] SHOW COLUMNS FROM `jshop_operation` [ RunTime:0.029000s ]
[ sql ] [ SQL ] SELECT * FROM `jshop_operation` WHERE  `code` = 'User'  AND `type` = 'c'  AND `parent_id` = 2 LIMIT 1 [ RunTime:0.001000s ]
[ sql ] [ SQL ] SELECT * FROM `jshop_operation` WHERE  `code` = 'index'  AND `type` = 'a'  AND `parent_id` = 238 LIMIT 1 [ RunTime:0.001000s ]
[ sql ] [ SQL ] SELECT * FROM `jshop_operation` WHERE  `id` = 239 LIMIT 1 [ RunTime:0.000000s ]
[ sql ] [ SQL ] SELECT * FROM `jshop_operation` WHERE  `id` = 238 LIMIT 1 [ RunTime:0.000000s ]
[ sql ] [ SQL ] SELECT * FROM `jshop_operation` WHERE  `id` = 238 LIMIT 1 [ RunTime:0.001000s ]
[ sql ] [ SQL ] SELECT * FROM `jshop_operation` WHERE  `id` = 2 LIMIT 1 [ RunTime:0.000000s ]
[ sql ] [ SQL ] SELECT * FROM `jshop_operation` WHERE  `id` = 2 LIMIT 1 [ RunTime:0.000000s ]
[ sql ] [ SQL ] SELECT * FROM `jshop_operation` WHERE  `id` = 1 LIMIT 1 [ RunTime:0.000000s ]
[ sql ] [ SQL ] SELECT * FROM `jshop_operation` WHERE  `code` = 'User'  AND `type` = 'c'  AND `parent_id` = 2 LIMIT 1 [ RunTime:0.001000s ]
[ sql ] [ SQL ] SELECT * FROM `jshop_operation` WHERE  `code` = 'index'  AND `type` = 'a'  AND `parent_id` = 238 LIMIT 1 [ RunTime:0.001000s ]
[ sql ] [ SQL ] SELECT * FROM `jshop_operation` WHERE  `id` = 238 LIMIT 1 [ RunTime:0.000000s ]
[ sql ] [ SQL ] SELECT * FROM `jshop_operation` WHERE  `id` = 239 LIMIT 1 [ RunTime:0.000000s ]
[ sql ] [ SQL ] SELECT * FROM `jshop_operation` WHERE  `id` = 238 LIMIT 1 [ RunTime:0.001000s ]
[ sql ] [ SQL ] SELECT * FROM `jshop_operation` WHERE  `id` = 2 LIMIT 1 [ RunTime:0.000000s ]
[ sql ] [ SQL ] SELECT * FROM `jshop_operation` WHERE  `id` = 417 LIMIT 1 [ RunTime:0.000000s ]
[ sql ] [ SQL ] SELECT * FROM `jshop_operation` WHERE  `id` = 416 LIMIT 1 [ RunTime:0.000000s ]
[ sql ] [ SQL ] SELECT * FROM `jshop_operation` WHERE  `id` = 2 LIMIT 1 [ RunTime:0.000000s ]
[ sql ] [ SQL ] SELECT * FROM `jshop_operation` WHERE  `id` = 411 LIMIT 1 [ RunTime:0.000000s ]
[ sql ] [ SQL ] SELECT * FROM `jshop_operation` WHERE  `id` = 410 LIMIT 1 [ RunTime:0.000000s ]
[ sql ] [ SQL ] SELECT * FROM `jshop_operation` WHERE  `id` = 2 LIMIT 1 [ RunTime:0.001000s ]
[ sql ] [ SQL ] SELECT * FROM `jshop_operation` WHERE  `id` = 442 LIMIT 1 [ RunTime:0.000000s ]
[ sql ] [ SQL ] SELECT * FROM `jshop_operation` WHERE  `id` = 441 LIMIT 1 [ RunTime:0.001000s ]
[ sql ] [ SQL ] SELECT * FROM `jshop_operation` WHERE  `id` = 2 LIMIT 1 [ RunTime:0.000000s ]
[ sql ] [ SQL ] SELECT * FROM `jshop_operation` WHERE  `id` = 306 LIMIT 1 [ RunTime:0.000000s ]
[ sql ] [ SQL ] SELECT * FROM `jshop_operation` WHERE  `id` = 305 LIMIT 1 [ RunTime:0.000000s ]
[ sql ] [ SQL ] SELECT * FROM `jshop_operation` WHERE  `id` = 2 LIMIT 1 [ RunTime:0.000000s ]
[ sql ] [ SQL ] SELECT * FROM `jshop_operation` WHERE  `id` = 292 LIMIT 1 [ RunTime:0.001000s ]
[ sql ] [ SQL ] SELECT * FROM `jshop_operation` WHERE  `id` = 291 LIMIT 1 [ RunTime:0.000000s ]
[ sql ] [ SQL ] SELECT * FROM `jshop_operation` WHERE  `id` = 2 LIMIT 1 [ RunTime:0.001000s ]
[ sql ] [ SQL ] SELECT * FROM `jshop_operation` WHERE  `id` = 287 LIMIT 1 [ RunTime:0.000000s ]
[ sql ] [ SQL ] SELECT * FROM `jshop_operation` WHERE  `id` = 286 LIMIT 1 [ RunTime:0.001000s ]
[ sql ] [ SQL ] SELECT * FROM `jshop_operation` WHERE  `id` = 2 LIMIT 1 [ RunTime:0.000000s ]
[ sql ] [ SQL ] SELECT * FROM `jshop_operation` WHERE  `id` = 324 LIMIT 1 [ RunTime:0.000000s ]
[ sql ] [ SQL ] SELECT * FROM `jshop_operation` WHERE  `id` = 323 LIMIT 1 [ RunTime:0.000000s ]
[ sql ] [ SQL ] SELECT * FROM `jshop_operation` WHERE  `id` = 2 LIMIT 1 [ RunTime:0.001000s ]
[ sql ] [ SQL ] SELECT * FROM `jshop_operation` WHERE  `id` = 331 LIMIT 1 [ RunTime:0.001000s ]
[ sql ] [ SQL ] SELECT * FROM `jshop_operation` WHERE  `id` = 330 LIMIT 1 [ RunTime:0.000000s ]
[ sql ] [ SQL ] SELECT * FROM `jshop_operation` WHERE  `id` = 2 LIMIT 1 [ RunTime:0.000000s ]
[ sql ] [ SQL ] SELECT * FROM `jshop_operation` WHERE  `id` = 422 LIMIT 1 [ RunTime:0.000000s ]
[ sql ] [ SQL ] SELECT * FROM `jshop_operation` WHERE  `id` = 421 LIMIT 1 [ RunTime:0.000000s ]
[ sql ] [ SQL ] SELECT * FROM `jshop_operation` WHERE  `id` = 2 LIMIT 1 [ RunTime:0.000000s ]
[ sql ] [ SQL ] SELECT * FROM `jshop_operation` WHERE  `id` = 240 LIMIT 1 [ RunTime:0.000000s ]
[ sql ] [ SQL ] SELECT * FROM `jshop_operation` WHERE  `id` = 238 LIMIT 1 [ RunTime:0.000000s ]
[ sql ] [ SQL ] SELECT * FROM `jshop_operation` WHERE  `id` = 2 LIMIT 1 [ RunTime:0.000000s ]
[ sql ] [ SQL ] SELECT * FROM `jshop_operation` WHERE  `id` = 297 LIMIT 1 [ RunTime:0.001000s ]
[ sql ] [ SQL ] SELECT * FROM `jshop_operation` WHERE  `id` = 296 LIMIT 1 [ RunTime:0.001000s ]
[ sql ] [ SQL ] SELECT * FROM `jshop_operation` WHERE  `id` = 2 LIMIT 1 [ RunTime:0.000000s ]
[ sql ] [ SQL ] SELECT * FROM `jshop_operation` WHERE  `id` = 405 LIMIT 1 [ RunTime:0.001000s ]
[ sql ] [ SQL ] SELECT * FROM `jshop_operation` WHERE  `id` = 404 LIMIT 1 [ RunTime:0.000000s ]
[ sql ] [ SQL ] SELECT * FROM `jshop_operation` WHERE  `id` = 2 LIMIT 1 [ RunTime:0.000000s ]
[ sql ] [ SQL ] SELECT * FROM `jshop_operation` WHERE  `id` = 488 LIMIT 1 [ RunTime:0.001000s ]
[ sql ] [ SQL ] SELECT * FROM `jshop_operation` WHERE  `id` = 487 LIMIT 1 [ RunTime:0.000000s ]
[ sql ] [ SQL ] SELECT * FROM `jshop_operation` WHERE  `id` = 2 LIMIT 1 [ RunTime:0.001000s ]
[ sql ] [ SQL ] SELECT * FROM `jshop_operation` WHERE  `id` = 344 LIMIT 1 [ RunTime:0.000000s ]
[ sql ] [ SQL ] SELECT * FROM `jshop_operation` WHERE  `id` = 343 LIMIT 1 [ RunTime:0.000000s ]
[ sql ] [ SQL ] SELECT * FROM `jshop_operation` WHERE  `id` = 2 LIMIT 1 [ RunTime:0.001000s ]
[ sql ] [ SQL ] SELECT * FROM `jshop_operation` WHERE  `id` = 348 LIMIT 1 [ RunTime:0.001000s ]
[ sql ] [ SQL ] SELECT * FROM `jshop_operation` WHERE  `id` = 347 LIMIT 1 [ RunTime:0.001000s ]
[ sql ] [ SQL ] SELECT * FROM `jshop_operation` WHERE  `id` = 2 LIMIT 1 [ RunTime:0.000000s ]
[ sql ] [ SQL ] SELECT * FROM `jshop_operation` WHERE  `id` = 278 LIMIT 1 [ RunTime:0.000000s ]
[ sql ] [ SQL ] SELECT * FROM `jshop_operation` WHERE  `id` = 277 LIMIT 1 [ RunTime:0.001000s ]
[ sql ] [ SQL ] SELECT * FROM `jshop_operation` WHERE  `id` = 2 LIMIT 1 [ RunTime:0.000000s ]
[ sql ] [ SQL ] SELECT * FROM `jshop_operation` WHERE  `id` = 253 LIMIT 1 [ RunTime:0.000000s ]
[ sql ] [ SQL ] SELECT * FROM `jshop_operation` WHERE  `id` = 252 LIMIT 1 [ RunTime:0.001000s ]
[ sql ] [ SQL ] SELECT * FROM `jshop_operation` WHERE  `id` = 2 LIMIT 1 [ RunTime:0.000000s ]
[ sql ] [ SQL ] SELECT * FROM `jshop_operation` WHERE  `id` = 259 LIMIT 1 [ RunTime:0.001000s ]
[ sql ] [ SQL ] SELECT * FROM `jshop_operation` WHERE  `id` = 258 LIMIT 1 [ RunTime:0.000000s ]
[ sql ] [ SQL ] SELECT * FROM `jshop_operation` WHERE  `id` = 2 LIMIT 1 [ RunTime:0.001000s ]
[ sql ] [ SQL ] SELECT * FROM `jshop_operation` WHERE  `id` = 267 LIMIT 1 [ RunTime:0.000000s ]
[ sql ] [ SQL ] SELECT * FROM `jshop_operation` WHERE  `id` = 266 LIMIT 1 [ RunTime:0.001000s ]
[ sql ] [ SQL ] SELECT * FROM `jshop_operation` WHERE  `id` = 2 LIMIT 1 [ RunTime:0.001000s ]
[ sql ] [ SQL ] SELECT * FROM `jshop_operation` WHERE  `id` = 272 LIMIT 1 [ RunTime:0.000000s ]
[ sql ] [ SQL ] SELECT * FROM `jshop_operation` WHERE  `id` = 271 LIMIT 1 [ RunTime:0.000000s ]
[ sql ] [ SQL ] SELECT * FROM `jshop_operation` WHERE  `id` = 2 LIMIT 1 [ RunTime:0.000000s ]
[ sql ] [ SQL ] SELECT * FROM `jshop_operation` WHERE  `id` = 491 LIMIT 1 [ RunTime:0.000000s ]
[ sql ] [ SQL ] SELECT * FROM `jshop_operation` WHERE  `id` = 356 LIMIT 1 [ RunTime:0.001000s ]
[ sql ] [ SQL ] SELECT * FROM `jshop_operation` WHERE  `id` = 2 LIMIT 1 [ RunTime:0.000000s ]
[ sql ] [ SQL ] SELECT * FROM `jshop_operation` WHERE  `id` = 361 LIMIT 1 [ RunTime:0.000000s ]
[ sql ] [ SQL ] SELECT * FROM `jshop_operation` WHERE  `id` = 356 LIMIT 1 [ RunTime:0.000000s ]
[ sql ] [ SQL ] SELECT * FROM `jshop_operation` WHERE  `id` = 2 LIMIT 1 [ RunTime:0.000000s ]
[ sql ] [ SQL ] SELECT * FROM `jshop_operation` WHERE  `id` = 357 LIMIT 1 [ RunTime:0.001000s ]
[ sql ] [ SQL ] SELECT * FROM `jshop_operation` WHERE  `id` = 356 LIMIT 1 [ RunTime:0.000000s ]
[ sql ] [ SQL ] SELECT * FROM `jshop_operation` WHERE  `id` = 2 LIMIT 1 [ RunTime:0.001000s ]
[ sql ] [ SQL ] SELECT * FROM `jshop_operation` WHERE  `id` = 400 LIMIT 1 [ RunTime:0.000000s ]
[ sql ] [ SQL ] SELECT * FROM `jshop_operation` WHERE  `id` = 399 LIMIT 1 [ RunTime:0.000000s ]
[ sql ] [ SQL ] SELECT * FROM `jshop_operation` WHERE  `id` = 2 LIMIT 1 [ RunTime:0.000000s ]
[ sql ] [ SQL ] SELECT * FROM `jshop_operation` WHERE  `id` = 460 LIMIT 1 [ RunTime:0.000000s ]
[ sql ] [ SQL ] SELECT * FROM `jshop_operation` WHERE  `id` = 431 LIMIT 1 [ RunTime:0.001000s ]
[ sql ] [ SQL ] SELECT * FROM `jshop_operation` WHERE  `id` = 2 LIMIT 1 [ RunTime:0.000000s ]
[ sql ] [ SQL ] SELECT * FROM `jshop_operation` WHERE  `id` = 247 LIMIT 1 [ RunTime:0.001000s ]
[ sql ] [ SQL ] SELECT * FROM `jshop_operation` WHERE  `id` = 246 LIMIT 1 [ RunTime:0.000000s ]
[ sql ] [ SQL ] SELECT * FROM `jshop_operation` WHERE  `id` = 2 LIMIT 1 [ RunTime:0.001000s ]
[ sql ] [ SQL ] SELECT * FROM `jshop_operation` WHERE  `id` = 352 LIMIT 1 [ RunTime:0.000000s ]
[ sql ] [ SQL ] SELECT * FROM `jshop_operation` WHERE  `id` = 351 LIMIT 1 [ RunTime:0.000000s ]
[ sql ] [ SQL ] SELECT * FROM `jshop_operation` WHERE  `id` = 2 LIMIT 1 [ RunTime:0.000000s ]
[ sql ] [ SQL ] SELECT * FROM `jshop_operation` WHERE  `id` = 432 LIMIT 1 [ RunTime:0.000000s ]
[ sql ] [ SQL ] SELECT * FROM `jshop_operation` WHERE  `id` = 431 LIMIT 1 [ RunTime:0.001000s ]
[ sql ] [ SQL ] SELECT * FROM `jshop_operation` WHERE  `id` = 2 LIMIT 1 [ RunTime:0.000000s ]
[ sql ] [ SQL ] SELECT * FROM `jshop_operation` WHERE  `id` = 393 LIMIT 1 [ RunTime:0.001000s ]
[ sql ] [ SQL ] SELECT * FROM `jshop_operation` WHERE  `id` = 392 LIMIT 1 [ RunTime:0.000000s ]
[ sql ] [ SQL ] SELECT * FROM `jshop_operation` WHERE  `id` = 2 LIMIT 1 [ RunTime:0.000000s ]
[ sql ] [ SQL ] SELECT * FROM `jshop_operation` WHERE  `id` = 391 LIMIT 1 [ RunTime:0.000000s ]
[ sql ] [ SQL ] SELECT * FROM `jshop_operation` WHERE  `id` = 390 LIMIT 1 [ RunTime:0.000000s ]
[ sql ] [ SQL ] SELECT * FROM `jshop_operation` WHERE  `id` = 2 LIMIT 1 [ RunTime:0.000000s ]
[ sql ] [ SQL ] SELECT * FROM `jshop_operation` WHERE  `id` = 409 LIMIT 1 [ RunTime:0.000000s ]
[ sql ] [ SQL ] SELECT * FROM `jshop_operation` WHERE  `id` = 408 LIMIT 1 [ RunTime:0.001000s ]
[ sql ] [ SQL ] SELECT * FROM `jshop_operation` WHERE  `id` = 2 LIMIT 1 [ RunTime:0.000000s ]
[ sql ] [ SQL ] SELECT * FROM `jshop_operation` WHERE  `id` = 366 LIMIT 1 [ RunTime:0.001000s ]
[ sql ] [ SQL ] SELECT * FROM `jshop_operation` WHERE  `id` = 365 LIMIT 1 [ RunTime:0.000000s ]
[ sql ] [ SQL ] SELECT * FROM `jshop_operation` WHERE  `id` = 2 LIMIT 1 [ RunTime:0.001000s ]
[ sql ] [ SQL ] SELECT * FROM `jshop_operation` WHERE  `id` = 512 LIMIT 1 [ RunTime:0.000000s ]
[ sql ] [ SQL ] SELECT * FROM `jshop_operation` WHERE  `id` = 511 LIMIT 1 [ RunTime:0.001000s ]
[ sql ] [ SQL ] SELECT * FROM `jshop_operation` WHERE  `id` = 2 LIMIT 1 [ RunTime:0.000000s ]
[ sql ] [ SQL ] SELECT * FROM `jshop_operation` WHERE  `id` = 467 LIMIT 1 [ RunTime:0.000000s ]
[ sql ] [ SQL ] SELECT * FROM `jshop_operation` WHERE  `id` = 466 LIMIT 1 [ RunTime:0.000000s ]
[ sql ] [ SQL ] SELECT * FROM `jshop_operation` WHERE  `id` = 2 LIMIT 1 [ RunTime:0.001000s ]
[ sql ] [ SQL ] SELECT * FROM `jshop_operation` WHERE  `id` = 465 LIMIT 1 [ RunTime:0.000000s ]
[ sql ] [ SQL ] SELECT * FROM `jshop_operation` WHERE  `id` = 464 LIMIT 1 [ RunTime:0.001000s ]
[ sql ] [ SQL ] SELECT * FROM `jshop_operation` WHERE  `id` = 2 LIMIT 1 [ RunTime:0.000000s ]
[ sql ] [ SQL ] SELECT * FROM `jshop_operation` WHERE  `id` = 463 LIMIT 1 [ RunTime:0.001000s ]
[ sql ] [ SQL ] SELECT * FROM `jshop_operation` WHERE  `id` = 462 LIMIT 1 [ RunTime:0.000000s ]
[ sql ] [ SQL ] SELECT * FROM `jshop_operation` WHERE  `id` = 2 LIMIT 1 [ RunTime:0.001000s ]
[ sql ] [ SQL ] SELECT * FROM `jshop_operation` WHERE  `id` = 245 LIMIT 1 [ RunTime:0.000000s ]
[ sql ] [ SQL ] SELECT * FROM `jshop_operation` WHERE  `id` = 244 LIMIT 1 [ RunTime:0.000000s ]
[ sql ] [ SQL ] SELECT * FROM `jshop_operation` WHERE  `id` = 2 LIMIT 1 [ RunTime:0.000000s ]
[ sql ] [ SQL ] SELECT * FROM `jshop_operation` WHERE  `id` = 336 LIMIT 1 [ RunTime:0.000000s ]
[ sql ] [ SQL ] SELECT * FROM `jshop_operation` WHERE  `id` = 335 LIMIT 1 [ RunTime:0.001000s ]
[ sql ] [ SQL ] SELECT * FROM `jshop_operation` WHERE  `id` = 2 LIMIT 1 [ RunTime:0.000000s ]
[ sql ] [ SQL ] SELECT * FROM `jshop_operation` WHERE  `id` = 496 LIMIT 1 [ RunTime:0.001000s ]
[ sql ] [ SQL ] SELECT * FROM `jshop_operation` WHERE  `id` = 495 LIMIT 1 [ RunTime:0.000000s ]
[ sql ] [ SQL ] SELECT * FROM `jshop_operation` WHERE  `id` = 2 LIMIT 1 [ RunTime:0.001000s ]
[ sql ] [ SQL ] SELECT * FROM `jshop_operation` WHERE  `id` = 435 LIMIT 1 [ RunTime:0.000000s ]
[ sql ] [ SQL ] SELECT * FROM `jshop_operation` WHERE  `id` = 434 LIMIT 1 [ RunTime:0.000000s ]
[ sql ] [ SQL ] SELECT * FROM `jshop_operation` WHERE  `id` = 2 LIMIT 1 [ RunTime:0.000000s ]
[ sql ] [ SQL ] SELECT * FROM `jshop_operation` WHERE  `id` = 522 LIMIT 1 [ RunTime:0.000000s ]
[ sql ] [ SQL ] SELECT * FROM `jshop_operation` WHERE  `id` = 479 LIMIT 1 [ RunTime:0.001000s ]
[ sql ] [ SQL ] SELECT * FROM `jshop_operation` WHERE  `id` = 2 LIMIT 1 [ RunTime:0.000000s ]
[ sql ] [ SQL ] SELECT * FROM `jshop_operation` WHERE  `id` = 517 LIMIT 1 [ RunTime:0.001000s ]
[ sql ] [ SQL ] SELECT * FROM `jshop_operation` WHERE  `id` = 479 LIMIT 1 [ RunTime:0.000000s ]
[ sql ] [ SQL ] SELECT * FROM `jshop_operation` WHERE  `id` = 2 LIMIT 1 [ RunTime:0.001000s ]
[ sql ] [ SQL ] SELECT * FROM `jshop_operation` WHERE  `id` = 483 LIMIT 1 [ RunTime:0.000000s ]
[ sql ] [ SQL ] SELECT * FROM `jshop_operation` WHERE  `id` = 479 LIMIT 1 [ RunTime:0.000000s ]
[ sql ] [ SQL ] SELECT * FROM `jshop_operation` WHERE  `id` = 2 LIMIT 1 [ RunTime:0.001000s ]
[ sql ] [ SQL ] SELECT * FROM `jshop_operation` WHERE  `id` = 481 LIMIT 1 [ RunTime:0.000000s ]
[ sql ] [ SQL ] SELECT * FROM `jshop_operation` WHERE  `id` = 479 LIMIT 1 [ RunTime:0.001000s ]
[ sql ] [ SQL ] SELECT * FROM `jshop_operation` WHERE  `id` = 2 LIMIT 1 [ RunTime:0.000000s ]
[ sql ] [ SQL ] SELECT * FROM `jshop_operation` WHERE  `id` = 480 LIMIT 1 [ RunTime:0.000000s ]
[ sql ] [ SQL ] SELECT * FROM `jshop_operation` WHERE  `id` = 479 LIMIT 1 [ RunTime:0.001000s ]
[ sql ] [ SQL ] SELECT * FROM `jshop_operation` WHERE  `id` = 2 LIMIT 1 [ RunTime:0.000000s ]
---------------------------------------------------------------
[ 2018-12-14T16:33:27+08:00 ] 0.0.0.0 GET /manage/user/index.html?_ajax=1&page=1&limit=20
[ info ] localhost:8086/manage/user/index.html?_ajax=1&page=1&limit=20 [运行时间：1.178000s][吞吐率：0.85req/s] [内存消耗：3,020.55kb] [文件加载：114]
[ info ] [ CACHE ] INIT File
[ info ] [ BEHAVIOR ] Run app\common\behavior\InitHooks->run @app_init [ RunTime:0.013000s ]
[ info ] [ LANG ] D:\newphp\PHPTutorial\WWW\shop1\thinkphp/lang/zh-cn.php
[ info ] [ ROUTE ] array (
)
[ info ] [ HEADER ] array (
  'cookie' => 'LiveWSMAK46357263=1509302702967303651300; NMAK46357263fistvisitetime=1509302703024; NMAK46357263visitecounts=2; NMAK46357263lastvisitetime=1509355649631; NMAK46357263visitepages=27; optimizelyEndUserId=oeu1506607308179r0.1719816488353536; Hm_lvt_91cf34f62b9bedb16460ca36cf192f4c=1518353592; Hm_lvt_6a1e7d4c5a673bd92e286c9b72747bd2=1522238733; Hm_lvt_e7c71ab27c2369ff3e50bcd32a8c4c79=1526610333,1526683426,1526982468; _ga=GA1.1.1059177668.1500448872; uname=15515551555; uid=101156; Huiskin=green; Hm_lvt_f8d0a8c400404989e195270b0bbf060a=1543992903,1544150211,1544343937,1544405788; PHPSESSID=1equl4fum6bn88n2nn20p4b4j3; _aihecong_chat_visibility=false',
  'accept-language' => 'zh-CN,zh;q=0.9',
  'accept-encoding' => 'gzip, deflate, br',
  'referer' => 'http://localhost:8086/manage/user/index.html',
  'user-agent' => 'Mozilla/5.0 (Windows NT 6.1; WOW64) AppleWebKit/537.36 (KHTML, like Gecko) Chrome/63.0.3239.132 Safari/537.36',
  'x-requested-with' => 'XMLHttpRequest',
  'accept' => 'application/json, text/javascript, */*; q=0.01',
  'connection' => 'close',
  'host' => 'localhost:8086',
)
[ info ] [ PARAM ] array (
  '_ajax' => '1',
  'page' => '1',
  'limit' => '20',
)
[ info ] [ SESSION ] INIT array (
  'id' => '',
  'var_session_id' => '',
  'prefix' => 'manage',
  'type' => '',
  'auto_start' => true,
  'httponly' => true,
  'secure' => false,
)
[ info ] [ DB ] INIT mysql
[ info ] [ BEHAVIOR ] Run app\manage\behavior\Record->run @action_begin [ RunTime:0.003000s ]
[ info ] [ LOG ] INIT File
[ sql ] [ DB ] CONNECT:[ UseTime:1.008000s ] mysql:host=localhost;port=3306;dbname=jshop;charset=utf8
[ sql ] [ SQL ] SHOW COLUMNS FROM `jshop_operation` [ RunTime:0.031000s ]
[ sql ] [ SQL ] SELECT * FROM `jshop_operation` WHERE  `code` = 'User'  AND `type` = 'c'  AND `parent_id` = 2 LIMIT 1 [ RunTime:0.001000s ]
[ sql ] [ SQL ] SELECT * FROM `jshop_operation` WHERE  `code` = 'index'  AND `type` = 'a'  AND `parent_id` = 238 LIMIT 1 [ RunTime:0.000000s ]
[ sql ] [ SQL ] SELECT * FROM `jshop_operation` WHERE  `id` = 239 LIMIT 1 [ RunTime:0.001000s ]
[ sql ] [ SQL ] SELECT * FROM `jshop_operation` WHERE  `id` = 238 LIMIT 1 [ RunTime:0.000000s ]
[ sql ] [ SQL ] SELECT * FROM `jshop_operation` WHERE  `id` = 238 LIMIT 1 [ RunTime:0.001000s ]
[ sql ] [ SQL ] SELECT * FROM `jshop_operation` WHERE  `id` = 2 LIMIT 1 [ RunTime:0.000000s ]
[ sql ] [ SQL ] SELECT * FROM `jshop_operation` WHERE  `id` = 2 LIMIT 1 [ RunTime:0.000000s ]
[ sql ] [ SQL ] SELECT * FROM `jshop_operation` WHERE  `id` = 1 LIMIT 1 [ RunTime:0.000000s ]
[ sql ] [ SQL ] SELECT * FROM `jshop_operation` WHERE  `code` = 'User'  AND `type` = 'c'  AND `parent_id` = 2 LIMIT 1 [ RunTime:0.000000s ]
[ sql ] [ SQL ] SELECT * FROM `jshop_operation` WHERE  `code` = 'index'  AND `type` = 'a'  AND `parent_id` = 238 LIMIT 1 [ RunTime:0.000000s ]
[ sql ] [ SQL ] SELECT * FROM `jshop_operation` WHERE  `id` = 238 LIMIT 1 [ RunTime:0.001000s ]
[ sql ] [ SQL ] SHOW COLUMNS FROM `jshop_user` [ RunTime:0.030000s ]
[ sql ] [ SQL ] SELECT COUNT(*) AS tp_count FROM `jshop_user` WHERE `jshop_user`.`isdel` IS NULL LIMIT 1 [ RunTime:0.001000s ]
[ sql ] [ SQL ] SELECT * FROM `jshop_user` WHERE `jshop_user`.`isdel` IS NULL ORDER BY id desc LIMIT 0,20 [ RunTime:0.000000s ]
[ sql ] [ SQL ] SELECT * FROM `jshop_user` WHERE (  `id` = 14 ) AND `jshop_user`.`isdel` IS NULL LIMIT 1 [ RunTime:0.000000s ]
[ sql ] [ SQL ] SELECT * FROM `jshop_user` WHERE (  `id` = 14 ) AND `jshop_user`.`isdel` IS NULL LIMIT 1 [ RunTime:0.000000s ]
